2026-05-29 13:53:26 11948 [Note] Plugin 'FEDERATED' is disabled.
2026-05-29 13:53:26 11948 [Note] InnoDB: Using atomics to ref count buffer pool pages
2026-05-29 13:53:26 11948 [Note] InnoDB: The InnoDB memory heap is disabled
2026-05-29 13:53:26 11948 [Note] InnoDB: Mutexes and rw_locks use Windows interlocked functions
2026-05-29 13:53:26 11948 [Note] InnoDB: Memory barrier is not used
2026-05-29 13:53:26 11948 [Note] InnoDB: Compressed tables use zlib 1.2.3
2026-05-29 13:53:26 11948 [Note] InnoDB: Not using CPU crc32 instructions
2026-05-29 13:53:26 11948 [Note] InnoDB: Initializing buffer pool, size = 32.0M
2026-05-29 13:53:26 11948 [Note] InnoDB: Completed initialization of buffer pool
2026-05-29 13:53:26 11948 [Note] InnoDB: Highest supported file format is Barracuda.
2026-05-29 13:53:26 11948 [Note] InnoDB: 128 rollback segment(s) are active.
2026-05-29 13:53:26 11948 [Note] InnoDB: Waiting for purge to start
2026-05-29 13:53:26 11948 [Note] InnoDB: 5.6.35 started; log sequence number 1771182
2026-05-29 13:53:26 11948 [Warning] No existing UUID has been found, so we assume that this is the first time that this server has been started. Generating a new UUID: e9641650-5b7e-11f1-a226-d09466c70202.
2026-05-29 13:53:26 11948 [Note] Server hostname (bind-address): '127.0.0.1'; port: 3306
2026-05-29 13:53:26 11948 [Note]   - '127.0.0.1' resolves to '127.0.0.1';
2026-05-29 13:53:26 11948 [Note] Server socket created on IP: '127.0.0.1'.
2026-05-29 13:53:26 11948 [Note] Event Scheduler: Loaded 0 events
2026-05-29 13:53:26 11948 [Note] Execution of init_file 'C:\Users\allan\OneDrive\Desktop\Project\UniServerZ\core\mysql\bin\mysql-init.txt' started.
2026-05-29 13:53:26 11948 [Note] Execution of init_file 'C:\Users\allan\OneDrive\Desktop\Project\UniServerZ\core\mysql\bin\mysql-init.txt' ended.
2026-05-29 13:53:26 11948 [Note] C:\Users\allan\OneDrive\Desktop\Project\UniServerZ\core\mysql\bin\mysqld_z.exe: ready for connections.
Version: '5.6.35'  socket: ''  port: 3306  MySQL Community Server (GPL)
2026-05-29 13:53:32 7988 [Note] Plugin 'FEDERATED' is disabled.
2026-05-29 13:53:32 7988 [Note] InnoDB: Using atomics to ref count buffer pool pages
2026-05-29 13:53:32 7988 [Note] InnoDB: The InnoDB memory heap is disabled
2026-05-29 13:53:32 7988 [Note] InnoDB: Mutexes and rw_locks use Windows interlocked functions
2026-05-29 13:53:32 7988 [Note] InnoDB: Memory barrier is not used
2026-05-29 13:53:32 7988 [Note] InnoDB: Compressed tables use zlib 1.2.3
2026-05-29 13:53:32 7988 [Note] InnoDB: Not using CPU crc32 instructions
2026-05-29 13:53:32 7988 [Note] InnoDB: Initializing buffer pool, size = 32.0M
2026-05-29 13:53:32 7988 [Note] InnoDB: Completed initialization of buffer pool
2026-05-29 13:53:33 7988 [Note] InnoDB: Highest supported file format is Barracuda.
2026-05-29 13:53:33 7988 [Note] InnoDB: 128 rollback segment(s) are active.
2026-05-29 13:53:33 7988 [Note] InnoDB: Waiting for purge to start
2026-05-29 13:53:33 7988 [Note] InnoDB: 5.6.35 started; log sequence number 1771182
2026-05-29 13:53:33 7988 [Note] Server hostname (bind-address): '127.0.0.1'; port: 3306
2026-05-29 13:53:33 7988 [Note]   - '127.0.0.1' resolves to '127.0.0.1';
2026-05-29 13:53:33 7988 [Note] Server socket created on IP: '127.0.0.1'.
2026-05-29 13:53:33 7988 [Note] Event Scheduler: Loaded 0 events
2026-05-29 13:53:33 7988 [Note] C:\Users\allan\OneDrive\Desktop\Project\UniServerZ\core\mysql\bin\mysqld_z.exe: ready for connections.
Version: '5.6.35'  socket: ''  port: 3306  MySQL Community Server (GPL)
2026-05-29 13:58:59 7988 [Note] C:\Users\allan\OneDrive\Desktop\Project\UniServerZ\core\mysql\bin\mysqld_z.exe: Normal shutdown

2026-05-29 13:58:59 7988 [Note] Giving 0 client threads a chance to die gracefully
2026-05-29 13:58:59 7988 [Note] Event Scheduler: Purging the queue. 0 events
2026-05-29 13:58:59 7988 [Note] Shutting down slave threads
2026-05-29 13:58:59 7988 [Note] Forcefully disconnecting 0 remaining clients
2026-05-29 13:58:59 7988 [Note] Binlog end
2026-05-29 13:58:59 7988 [Note] Shutting down plugin 'partition'
2026-05-29 13:58:59 7988 [Note] Shutting down plugin 'PERFORMANCE_SCHEMA'
2026-05-29 13:58:59 7988 [Note] Shutting down plugin 'INNODB_SYS_DATAFILES'
2026-05-29 13:58:59 7988 [Note] Shutting down plugin 'INNODB_SYS_TABLESPACES'
2026-05-29 13:58:59 7988 [Note] Shutting down plugin 'INNODB_SYS_FOREIGN_COLS'
2026-05-29 13:58:59 7988 [Note] Shutting down plugin 'INNODB_SYS_FOREIGN'
2026-05-29 13:58:59 7988 [Note] Shutting down plugin 'INNODB_SYS_FIELDS'
2026-05-29 13:58:59 7988 [Note] Shutting down plugin 'INNODB_SYS_COLUMNS'
2026-05-29 13:58:59 7988 [Note] Shutting down plugin 'INNODB_SYS_INDEXES'
2026-05-29 13:58:59 7988 [Note] Shutting down plugin 'INNODB_SYS_TABLESTATS'
2026-05-29 13:58:59 7988 [Note] Shutting down plugin 'INNODB_SYS_TABLES'
2026-05-29 13:58:59 7988 [Note] Shutting down plugin 'INNODB_FT_INDEX_TABLE'
2026-05-29 13:58:59 7988 [Note] Shutting down plugin 'INNODB_FT_INDEX_CACHE'
2026-05-29 13:58:59 7988 [Note] Shutting down plugin 'INNODB_FT_CONFIG'
2026-05-29 13:58:59 7988 [Note] Shutting down plugin 'INNODB_FT_BEING_DELETED'
2026-05-29 13:58:59 7988 [Note] Shutting down plugin 'INNODB_FT_DELETED'
2026-05-29 13:58:59 7988 [Note] Shutting down plugin 'INNODB_FT_DEFAULT_STOPWORD'
2026-05-29 13:58:59 7988 [Note] Shutting down plugin 'INNODB_METRICS'
2026-05-29 13:58:59 7988 [Note] Shutting down plugin 'INNODB_BUFFER_POOL_STATS'
2026-05-29 13:58:59 7988 [Note] Shutting down plugin 'INNODB_BUFFER_PAGE_LRU'
2026-05-29 13:58:59 7988 [Note] Shutting down plugin 'INNODB_BUFFER_PAGE'
2026-05-29 13:58:59 7988 [Note] Shutting down plugin 'INNODB_CMP_PER_INDEX_RESET'
2026-05-29 13:58:59 7988 [Note] Shutting down plugin 'INNODB_CMP_PER_INDEX'
2026-05-29 13:58:59 7988 [Note] Shutting down plugin 'INNODB_CMPMEM_RESET'
2026-05-29 13:58:59 7988 [Note] Shutting down plugin 'INNODB_CMPMEM'
2026-05-29 13:58:59 7988 [Note] Shutting down plugin 'INNODB_CMP_RESET'
2026-05-29 13:58:59 7988 [Note] Shutting down plugin 'INNODB_CMP'
2026-05-29 13:58:59 7988 [Note] Shutting down plugin 'INNODB_LOCK_WAITS'
2026-05-29 13:58:59 7988 [Note] Shutting down plugin 'INNODB_LOCKS'
2026-05-29 13:58:59 7988 [Note] Shutting down plugin 'INNODB_TRX'
2026-05-29 13:58:59 7988 [Note] Shutting down plugin 'InnoDB'
2026-05-29 13:58:59 7988 [Note] InnoDB: FTS optimize thread exiting.
2026-05-29 13:58:59 7988 [Note] InnoDB: Starting shutdown...
2026-05-29 13:59:01 7988 [Note] InnoDB: Shutdown completed; log sequence number 1771192
2026-05-29 13:59:01 7988 [Note] Shutting down plugin 'BLACKHOLE'
2026-05-29 13:59:01 7988 [Note] Shutting down plugin 'ARCHIVE'
2026-05-29 13:59:01 7988 [Note] Shutting down plugin 'MRG_MYISAM'
2026-05-29 13:59:01 7988 [Note] Shutting down plugin 'MyISAM'
2026-05-29 13:59:01 7988 [Note] Shutting down plugin 'MEMORY'
2026-05-29 13:59:01 7988 [Note] Shutting down plugin 'CSV'
2026-05-29 13:59:01 7988 [Note] Shutting down plugin 'sha256_password'
2026-05-29 13:59:01 7988 [Note] Shutting down plugin 'mysql_old_password'
2026-05-29 13:59:01 7988 [Note] Shutting down plugin 'mysql_native_password'
2026-05-29 13:59:01 7988 [Note] Shutting down plugin 'binlog'
2026-05-29 13:59:01 7988 [Note] C:\Users\allan\OneDrive\Desktop\Project\UniServerZ\core\mysql\bin\mysqld_z.exe: Shutdown complete

2026-05-29 13:59:04 3032 [Note] Plugin 'FEDERATED' is disabled.
2026-05-29 13:59:04 3032 [Note] InnoDB: Using atomics to ref count buffer pool pages
2026-05-29 13:59:04 3032 [Note] InnoDB: The InnoDB memory heap is disabled
2026-05-29 13:59:04 3032 [Note] InnoDB: Mutexes and rw_locks use Windows interlocked functions
2026-05-29 13:59:04 3032 [Note] InnoDB: Memory barrier is not used
2026-05-29 13:59:04 3032 [Note] InnoDB: Compressed tables use zlib 1.2.3
2026-05-29 13:59:04 3032 [Note] InnoDB: Not using CPU crc32 instructions
2026-05-29 13:59:04 3032 [Note] InnoDB: Initializing buffer pool, size = 32.0M
2026-05-29 13:59:04 3032 [Note] InnoDB: Completed initialization of buffer pool
2026-05-29 13:59:04 3032 [Note] InnoDB: Highest supported file format is Barracuda.
2026-05-29 13:59:04 3032 [Note] InnoDB: 128 rollback segment(s) are active.
2026-05-29 13:59:04 3032 [Note] InnoDB: Waiting for purge to start
2026-05-29 13:59:04 3032 [Note] InnoDB: 5.6.35 started; log sequence number 1771192
2026-05-29 13:59:04 3032 [Note] Server hostname (bind-address): '127.0.0.1'; port: 3306
2026-05-29 13:59:04 3032 [Note]   - '127.0.0.1' resolves to '127.0.0.1';
2026-05-29 13:59:04 3032 [Note] Server socket created on IP: '127.0.0.1'.
2026-05-29 13:59:04 3032 [Note] Event Scheduler: Loaded 0 events
2026-05-29 13:59:04 3032 [Note] C:\Users\allan\OneDrive\Desktop\Project\UniServerZ\core\mysql\bin\mysqld_z.exe: ready for connections.
Version: '5.6.35'  socket: ''  port: 3306  MySQL Community Server (GPL)
2026-05-29 14:01:13 3032 [Note] C:\Users\allan\OneDrive\Desktop\Project\UniServerZ\core\mysql\bin\mysqld_z.exe: Normal shutdown

2026-05-29 14:01:13 3032 [Note] Giving 0 client threads a chance to die gracefully
2026-05-29 14:01:13 3032 [Note] Event Scheduler: Purging the queue. 0 events
2026-05-29 14:01:13 3032 [Note] Shutting down slave threads
2026-05-29 14:01:13 3032 [Note] Forcefully disconnecting 0 remaining clients
2026-05-29 14:01:13 3032 [Note] Binlog end
2026-05-29 14:01:13 3032 [Note] Shutting down plugin 'partition'
2026-05-29 14:01:13 3032 [Note] Shutting down plugin 'PERFORMANCE_SCHEMA'
2026-05-29 14:01:13 3032 [Note] Shutting down plugin 'INNODB_SYS_DATAFILES'
2026-05-29 14:01:13 3032 [Note] Shutting down plugin 'INNODB_SYS_TABLESPACES'
2026-05-29 14:01:13 3032 [Note] Shutting down plugin 'INNODB_SYS_FOREIGN_COLS'
2026-05-29 14:01:13 3032 [Note] Shutting down plugin 'INNODB_SYS_FOREIGN'
2026-05-29 14:01:13 3032 [Note] Shutting down plugin 'INNODB_SYS_FIELDS'
2026-05-29 14:01:13 3032 [Note] Shutting down plugin 'INNODB_SYS_COLUMNS'
2026-05-29 14:01:13 3032 [Note] Shutting down plugin 'INNODB_SYS_INDEXES'
2026-05-29 14:01:13 3032 [Note] Shutting down plugin 'INNODB_SYS_TABLESTATS'
2026-05-29 14:01:13 3032 [Note] Shutting down plugin 'INNODB_SYS_TABLES'
2026-05-29 14:01:13 3032 [Note] Shutting down plugin 'INNODB_FT_INDEX_TABLE'
2026-05-29 14:01:13 3032 [Note] Shutting down plugin 'INNODB_FT_INDEX_CACHE'
2026-05-29 14:01:13 3032 [Note] Shutting down plugin 'INNODB_FT_CONFIG'
2026-05-29 14:01:13 3032 [Note] Shutting down plugin 'INNODB_FT_BEING_DELETED'
2026-05-29 14:01:13 3032 [Note] Shutting down plugin 'INNODB_FT_DELETED'
2026-05-29 14:01:13 3032 [Note] Shutting down plugin 'INNODB_FT_DEFAULT_STOPWORD'
2026-05-29 14:01:13 3032 [Note] Shutting down plugin 'INNODB_METRICS'
2026-05-29 14:01:13 3032 [Note] Shutting down plugin 'INNODB_BUFFER_POOL_STATS'
2026-05-29 14:01:13 3032 [Note] Shutting down plugin 'INNODB_BUFFER_PAGE_LRU'
2026-05-29 14:01:13 3032 [Note] Shutting down plugin 'INNODB_BUFFER_PAGE'
2026-05-29 14:01:13 3032 [Note] Shutting down plugin 'INNODB_CMP_PER_INDEX_RESET'
2026-05-29 14:01:13 3032 [Note] Shutting down plugin 'INNODB_CMP_PER_INDEX'
2026-05-29 14:01:13 3032 [Note] Shutting down plugin 'INNODB_CMPMEM_RESET'
2026-05-29 14:01:13 3032 [Note] Shutting down plugin 'INNODB_CMPMEM'
2026-05-29 14:01:13 3032 [Note] Shutting down plugin 'INNODB_CMP_RESET'
2026-05-29 14:01:13 3032 [Note] Shutting down plugin 'INNODB_CMP'
2026-05-29 14:01:13 3032 [Note] Shutting down plugin 'INNODB_LOCK_WAITS'
2026-05-29 14:01:13 3032 [Note] Shutting down plugin 'INNODB_LOCKS'
2026-05-29 14:01:13 3032 [Note] Shutting down plugin 'INNODB_TRX'
2026-05-29 14:01:13 3032 [Note] Shutting down plugin 'InnoDB'
2026-05-29 14:01:13 3032 [Note] InnoDB: FTS optimize thread exiting.
2026-05-29 14:01:13 3032 [Note] InnoDB: Starting shutdown...
2026-05-29 14:01:15 3032 [Note] InnoDB: Shutdown completed; log sequence number 1771202
2026-05-29 14:01:15 3032 [Note] Shutting down plugin 'BLACKHOLE'
2026-05-29 14:01:15 3032 [Note] Shutting down plugin 'ARCHIVE'
2026-05-29 14:01:15 3032 [Note] Shutting down plugin 'MRG_MYISAM'
2026-05-29 14:01:15 3032 [Note] Shutting down plugin 'MyISAM'
2026-05-29 14:01:15 3032 [Note] Shutting down plugin 'MEMORY'
2026-05-29 14:01:15 3032 [Note] Shutting down plugin 'CSV'
2026-05-29 14:01:15 3032 [Note] Shutting down plugin 'sha256_password'
2026-05-29 14:01:15 3032 [Note] Shutting down plugin 'mysql_old_password'
2026-05-29 14:01:15 3032 [Note] Shutting down plugin 'mysql_native_password'
2026-05-29 14:01:15 3032 [Note] Shutting down plugin 'binlog'
2026-05-29 14:01:15 3032 [Note] C:\Users\allan\OneDrive\Desktop\Project\UniServerZ\core\mysql\bin\mysqld_z.exe: Shutdown complete

2026-06-01 16:12:13 14944 [Note] Plugin 'FEDERATED' is disabled.
2026-06-01 16:12:13 14944 [Note] InnoDB: Using atomics to ref count buffer pool pages
2026-06-01 16:12:13 14944 [Note] InnoDB: The InnoDB memory heap is disabled
2026-06-01 16:12:13 14944 [Note] InnoDB: Mutexes and rw_locks use Windows interlocked functions
2026-06-01 16:12:13 14944 [Note] InnoDB: Memory barrier is not used
2026-06-01 16:12:13 14944 [Note] InnoDB: Compressed tables use zlib 1.2.3
2026-06-01 16:12:13 14944 [Note] InnoDB: Not using CPU crc32 instructions
2026-06-01 16:12:13 14944 [Note] InnoDB: Initializing buffer pool, size = 32.0M
2026-06-01 16:12:13 14944 [Note] InnoDB: Completed initialization of buffer pool
2026-06-01 16:12:13 14944 [Note] InnoDB: Highest supported file format is Barracuda.
2026-06-01 16:12:14 14944 [Note] InnoDB: 128 rollback segment(s) are active.
2026-06-01 16:12:14 14944 [Note] InnoDB: Waiting for purge to start
2026-06-01 16:12:14 14944 [Note] InnoDB: 5.6.35 started; log sequence number 1771202
2026-06-01 16:12:14 14944 [Note] Server hostname (bind-address): '127.0.0.1'; port: 3306
2026-06-01 16:12:14 14944 [Note]   - '127.0.0.1' resolves to '127.0.0.1';
2026-06-01 16:12:14 14944 [Note] Server socket created on IP: '127.0.0.1'.
2026-06-01 16:12:14 14944 [Note] Event Scheduler: Loaded 0 events
2026-06-01 16:12:14 14944 [Note] Execution of init_file 'C:\Users\allan\OneDrive\Desktop\Project\UniServerZ\core\mysql\bin\mysql-init.txt' started.
2026-06-01 16:12:14 14944 [Note] Execution of init_file 'C:\Users\allan\OneDrive\Desktop\Project\UniServerZ\core\mysql\bin\mysql-init.txt' ended.
2026-06-01 16:12:14 14944 [Note] C:\Users\allan\OneDrive\Desktop\Project\UniServerZ\core\mysql\bin\mysqld_z.exe: ready for connections.
Version: '5.6.35'  socket: ''  port: 3306  MySQL Community Server (GPL)
2026-06-01 16:12:21 8176 [Note] Plugin 'FEDERATED' is disabled.
2026-06-01 16:12:21 8176 [Note] InnoDB: Using atomics to ref count buffer pool pages
2026-06-01 16:12:21 8176 [Note] InnoDB: The InnoDB memory heap is disabled
2026-06-01 16:12:21 8176 [Note] InnoDB: Mutexes and rw_locks use Windows interlocked functions
2026-06-01 16:12:21 8176 [Note] InnoDB: Memory barrier is not used
2026-06-01 16:12:21 8176 [Note] InnoDB: Compressed tables use zlib 1.2.3
2026-06-01 16:12:21 8176 [Note] InnoDB: Not using CPU crc32 instructions
2026-06-01 16:12:21 8176 [Note] InnoDB: Initializing buffer pool, size = 32.0M
2026-06-01 16:12:21 8176 [Note] InnoDB: Completed initialization of buffer pool
2026-06-01 16:12:21 8176 [Note] InnoDB: Highest supported file format is Barracuda.
2026-06-01 16:12:22 8176 [Note] InnoDB: 128 rollback segment(s) are active.
2026-06-01 16:12:22 8176 [Note] InnoDB: Waiting for purge to start
2026-06-01 16:12:22 8176 [Note] InnoDB: 5.6.35 started; log sequence number 1771202
2026-06-01 16:12:22 8176 [Note] Server hostname (bind-address): '127.0.0.1'; port: 3306
2026-06-01 16:12:22 8176 [Note]   - '127.0.0.1' resolves to '127.0.0.1';
2026-06-01 16:12:22 8176 [Note] Server socket created on IP: '127.0.0.1'.
2026-06-01 16:12:22 8176 [Note] Event Scheduler: Loaded 0 events
2026-06-01 16:12:22 8176 [Note] C:\Users\allan\OneDrive\Desktop\Project\UniServerZ\core\mysql\bin\mysqld_z.exe: ready for connections.
Version: '5.6.35'  socket: ''  port: 3306  MySQL Community Server (GPL)
