This file contains any messages produced by compilers while
running configure, to aid debugging if configure makes a mistake.

It was created by TheForgottenServer configure 0.4, which was
generated by GNU Autoconf 2.69.  Invocation command line was

  $ ./configure --enable-mysql --enable-sqlite

## --------- ##
## Platform. ##
## --------- ##

hostname = allan
uname -m = x86_64
uname -r = 3.6.9-01d6c708.x86_64
uname -s = MINGW64_NT-10.0-26200
uname -v = 2026-05-24 10:45 UTC

/usr/bin/uname -p = unknown
/bin/uname -X     = unknown

/bin/arch              = x86_64
/usr/bin/arch -k       = unknown
/usr/convex/getsysinfo = unknown
/usr/bin/hostinfo      = unknown
/bin/machine           = unknown
/usr/bin/oslevel       = unknown
/bin/universe          = unknown

PATH: /mingw64/bin
PATH: /usr/local/bin
PATH: /usr/bin
PATH: /bin
PATH: /c/Windows/System32
PATH: /c/Windows
PATH: /c/Windows/System32/Wbem
PATH: /c/Windows/System32/WindowsPowerShell/v1.0/
PATH: /usr/bin/site_perl
PATH: /usr/bin/vendor_perl
PATH: /usr/bin/core_perl


## ----------- ##
## Core tests. ##
## ----------- ##

configure:2294: loading site script /etc/config.site
| # This file is in public domain.
| # Original author: Karlson2k (Evgeny Grin)
| # Written for MSys2 to help running 'configure' scripts
| 
| # Defaults for MSys2/MinGW64-targeted programs
| 
| # Set proper selfname on bash and fallback to default name on other shells
| test -n "${BASH_SOURCE}" 2>/dev/null && config_site_me="${BASH_SOURCE[0]##*/}" || config_site_me=config.site
| 
| # Set default 'host' to speedup configure
| if test -z "$build_alias"; then
|   build_alias="${MSYSTEM_CHOST}"  && \
|     ${as_echo-echo} "$config_site_me:${as_lineno-$LINENO}: default build_alias set to $build_alias" >&5
| fi
| 
| # Set default 'prefix'
| if ( test -z "$prefix" || test "x$prefix" = "xNONE" ) && \
|     ( test -z "$exec_prefix" || test "x$exec_prefix" = "xNONE" ); then
|   prefix="${MSYSTEM_PREFIX}" && \
|     ${as_echo-echo} "$config_site_me:${as_lineno-$LINENO}: default prefix set to $prefix" >&5
| fi
config.site:13: default build_alias set to x86_64-w64-mingw32
config.site:20: default prefix set to /mingw64
configure:2435: checking for a BSD-compatible install
configure:2503: result: /usr/bin/install -c
configure:2514: checking whether build environment is sane
configure:2569: result: yes
configure:2720: checking for a thread-safe mkdir -p
configure:2759: result: /usr/bin/mkdir -p
configure:2766: checking for gawk
configure:2782: found /usr/bin/gawk
configure:2793: result: gawk
configure:2804: checking whether make sets $(MAKE)
configure:2826: result: yes
configure:2855: checking whether make supports nested variables
configure:2872: result: yes
configure:3059: checking for g++
configure:3075: found /mingw64/bin/g++
configure:3086: result: g++
configure:3113: checking for C++ compiler version
configure:3122: g++ --version >&5
g++.exe (Rev5, Built by MSYS2 project) 16.1.0
Copyright (C) 2026 Free Software Foundation, Inc.
This is free software; see the source for copying conditions.  There is NO
warranty; not even for MERCHANTABILITY or FITNESS FOR A PARTICULAR PURPOSE.

configure:3133: $? = 0
configure:3122: g++ -v >&5
Using built-in specs.
COLLECT_GCC=C:\msys64\mingw64\bin\g++.exe
COLLECT_LTO_WRAPPER=C:/msys64/mingw64/bin/../lib/gcc/x86_64-w64-mingw32/16.1.0/lto-wrapper.exe
Target: x86_64-w64-mingw32
Configured with: ../gcc-16.1.0/configure --prefix=/mingw64 --with-local-prefix=/mingw64/local --libexecdir=/mingw64/lib --enable-bootstrap --enable-checking=release --with-arch=nocona --with-tune=generic --enable-mingw-wildcard --enable-languages=c,c++,ada,fortran,lto,objc,obj-c++,jit --enable-shared --enable-static --enable-libatomic --enable-threads=posix --enable-tls --enable-graphite --enable-fully-dynamic-string --enable-libstdcxx-backtrace=yes --enable-libstdcxx-filesystem-ts --enable-libstdcxx-time --disable-libstdcxx-pch --enable-libgomp --disable-libssp --disable-multilib --disable-rpath --disable-win32-registry --disable-nls --disable-werror --disable-symvers --with-libiconv --with-system-zlib --with-gmp=/mingw64 --with-mpfr=/mingw64 --with-mpc=/mingw64 --with-isl=/mingw64 --with-pkgversion='Rev5, Built by MSYS2 project' --with-bugurl=https://github.com/msys2/MINGW-packages/issues --with-gnu-as --with-gnu-ld --with-libstdcxx-zoneinfo=yes --disable-libstdcxx-debug --enable-lto --with-boot-ldflags=-static-libstdc++ --with-stage1-ldflags=-static-libstdc++
Thread model: posix
Supported LTO compression algorithms: zlib zstd
gcc version 16.1.0 (Rev5, Built by MSYS2 project) 
configure:3133: $? = 0
configure:3122: g++ -V >&5
g++.exe: error: unrecognized command-line option '-V'
g++.exe: fatal error: no input files
compilation terminated.
configure:3133: $? = 1
configure:3122: g++ -qversion >&5
g++.exe: error: unrecognized command-line option '-qversion'; did you mean '--version'?
g++.exe: fatal error: no input files
compilation terminated.
configure:3133: $? = 1
configure:3153: checking whether the C++ compiler works
configure:3175: g++    conftest.cpp  >&5
configure:3179: $? = 0
configure:3227: result: yes
configure:3230: checking for C++ compiler default output file name
configure:3232: result: a.exe
configure:3238: checking for suffix of executables
configure:3245: g++ -o conftest.exe    conftest.cpp  >&5
configure:3249: $? = 0
configure:3271: result: .exe
configure:3293: checking whether we are cross compiling
configure:3301: g++ -o conftest.exe    conftest.cpp  >&5
configure:3305: $? = 0
configure:3312: ./conftest.exe
configure:3316: $? = 0
configure:3331: result: no
configure:3336: checking for suffix of object files
configure:3358: g++ -c   conftest.cpp >&5
configure:3362: $? = 0
configure:3383: result: o
configure:3387: checking whether we are using the GNU C++ compiler
configure:3406: g++ -c   conftest.cpp >&5
configure:3406: $? = 0
configure:3415: result: yes
configure:3424: checking whether g++ accepts -g
configure:3444: g++ -c -g  conftest.cpp >&5
configure:3444: $? = 0
configure:3485: result: yes
configure:3519: checking for style of include used by make
configure:3547: result: GNU
configure:3573: checking dependency style of g++
configure:3684: result: gcc3
configure:3933: checking how to run the C++ preprocessor
configure:3960: g++ -E  conftest.cpp
configure:3960: $? = 0
configure:3974: g++ -E  conftest.cpp
conftest.cpp:11:10: fatal error: ac_nonexistent.h: No such file or directory
   11 | #include <ac_nonexistent.h>
      |          ^~~~~~~~~~~~~~~~~~
compilation terminated.
configure:3974: $? = 1
configure: failed program was:
| /* confdefs.h */
| #define PACKAGE_NAME "TheForgottenServer"
| #define PACKAGE_TARNAME "theforgottenserver"
| #define PACKAGE_VERSION "0.4"
| #define PACKAGE_STRING "TheForgottenServer 0.4"
| #define PACKAGE_BUGREPORT ""
| #define PACKAGE_URL ""
| #define PACKAGE "theforgottenserver"
| #define VERSION "0.4"
| /* end confdefs.h.  */
| #include <ac_nonexistent.h>
configure:3999: result: g++ -E
configure:4019: g++ -E  conftest.cpp
configure:4019: $? = 0
configure:4033: g++ -E  conftest.cpp
conftest.cpp:11:10: fatal error: ac_nonexistent.h: No such file or directory
   11 | #include <ac_nonexistent.h>
      |          ^~~~~~~~~~~~~~~~~~
compilation terminated.
configure:4033: $? = 1
configure: failed program was:
| /* confdefs.h */
| #define PACKAGE_NAME "TheForgottenServer"
| #define PACKAGE_TARNAME "theforgottenserver"
| #define PACKAGE_VERSION "0.4"
| #define PACKAGE_STRING "TheForgottenServer 0.4"
| #define PACKAGE_BUGREPORT ""
| #define PACKAGE_URL ""
| #define PACKAGE "theforgottenserver"
| #define VERSION "0.4"
| /* end confdefs.h.  */
| #include <ac_nonexistent.h>
configure:4062: checking for grep that handles long lines and -e
configure:4120: result: /usr/bin/grep
configure:4125: checking for egrep
configure:4187: result: /usr/bin/grep -E
configure:4192: checking for ANSI C header files
configure:4212: g++ -c -g -O2  conftest.cpp >&5
configure:4212: $? = 0
configure:4285: g++ -o conftest.exe -g -O2   conftest.cpp  >&5
configure:4285: $? = 0
configure:4285: ./conftest.exe
configure:4285: $? = 0
configure:4296: result: yes
configure:4309: checking for sys/types.h
configure:4309: g++ -c -g -O2  conftest.cpp >&5
configure:4309: $? = 0
configure:4309: result: yes
configure:4309: checking for sys/stat.h
configure:4309: g++ -c -g -O2  conftest.cpp >&5
configure:4309: $? = 0
configure:4309: result: yes
configure:4309: checking for stdlib.h
configure:4309: g++ -c -g -O2  conftest.cpp >&5
configure:4309: $? = 0
configure:4309: result: yes
configure:4309: checking for string.h
configure:4309: g++ -c -g -O2  conftest.cpp >&5
configure:4309: $? = 0
configure:4309: result: yes
configure:4309: checking for memory.h
configure:4309: g++ -c -g -O2  conftest.cpp >&5
configure:4309: $? = 0
configure:4309: result: yes
configure:4309: checking for strings.h
configure:4309: g++ -c -g -O2  conftest.cpp >&5
configure:4309: $? = 0
configure:4309: result: yes
configure:4309: checking for inttypes.h
configure:4309: g++ -c -g -O2  conftest.cpp >&5
configure:4309: $? = 0
configure:4309: result: yes
configure:4309: checking for stdint.h
configure:4309: g++ -c -g -O2  conftest.cpp >&5
configure:4309: $? = 0
configure:4309: result: yes
configure:4309: checking for unistd.h
configure:4309: g++ -c -g -O2  conftest.cpp >&5
configure:4309: $? = 0
configure:4309: result: yes
configure:4324: checking arpa/inet.h usability
configure:4324: g++ -c -g -O2  conftest.cpp >&5
conftest.cpp:54:10: fatal error: arpa/inet.h: No such file or directory
   54 | #include <arpa/inet.h>
      |          ^~~~~~~~~~~~~
compilation terminated.
configure:4324: $? = 1
configure: failed program was:
| /* confdefs.h */
| #define PACKAGE_NAME "TheForgottenServer"
| #define PACKAGE_TARNAME "theforgottenserver"
| #define PACKAGE_VERSION "0.4"
| #define PACKAGE_STRING "TheForgottenServer 0.4"
| #define PACKAGE_BUGREPORT ""
| #define PACKAGE_URL ""
| #define PACKAGE "theforgottenserver"
| #define VERSION "0.4"
| #define STDC_HEADERS 1
| #define HAVE_SYS_TYPES_H 1
| #define HAVE_SYS_STAT_H 1
| #define HAVE_STDLIB_H 1
| #define HAVE_STRING_H 1
| #define HAVE_MEMORY_H 1
| #define HAVE_STRINGS_H 1
| #define HAVE_INTTYPES_H 1
| #define HAVE_STDINT_H 1
| #define HAVE_UNISTD_H 1
| /* end confdefs.h.  */
| #include <stdio.h>
| #ifdef HAVE_SYS_TYPES_H
| # include <sys/types.h>
| #endif
| #ifdef HAVE_SYS_STAT_H
| # include <sys/stat.h>
| #endif
| #ifdef STDC_HEADERS
| # include <stdlib.h>
| # include <stddef.h>
| #else
| # ifdef HAVE_STDLIB_H
| #  include <stdlib.h>
| # endif
| #endif
| #ifdef HAVE_STRING_H
| # if !defined STDC_HEADERS && defined HAVE_MEMORY_H
| #  include <memory.h>
| # endif
| # include <string.h>
| #endif
| #ifdef HAVE_STRINGS_H
| # include <strings.h>
| #endif
| #ifdef HAVE_INTTYPES_H
| # include <inttypes.h>
| #endif
| #ifdef HAVE_STDINT_H
| # include <stdint.h>
| #endif
| #ifdef HAVE_UNISTD_H
| # include <unistd.h>
| #endif
| #include <arpa/inet.h>
configure:4324: result: no
configure:4324: checking arpa/inet.h presence
configure:4324: g++ -E  conftest.cpp
conftest.cpp:21:10: fatal error: arpa/inet.h: No such file or directory
   21 | #include <arpa/inet.h>
      |          ^~~~~~~~~~~~~
compilation terminated.
configure:4324: $? = 1
configure: failed program was:
| /* confdefs.h */
| #define PACKAGE_NAME "TheForgottenServer"
| #define PACKAGE_TARNAME "theforgottenserver"
| #define PACKAGE_VERSION "0.4"
| #define PACKAGE_STRING "TheForgottenServer 0.4"
| #define PACKAGE_BUGREPORT ""
| #define PACKAGE_URL ""
| #define PACKAGE "theforgottenserver"
| #define VERSION "0.4"
| #define STDC_HEADERS 1
| #define HAVE_SYS_TYPES_H 1
| #define HAVE_SYS_STAT_H 1
| #define HAVE_STDLIB_H 1
| #define HAVE_STRING_H 1
| #define HAVE_MEMORY_H 1
| #define HAVE_STRINGS_H 1
| #define HAVE_INTTYPES_H 1
| #define HAVE_STDINT_H 1
| #define HAVE_UNISTD_H 1
| /* end confdefs.h.  */
| #include <arpa/inet.h>
configure:4324: result: no
configure:4324: checking for arpa/inet.h
configure:4324: result: no
configure:4324: checking netdb.h usability
configure:4324: g++ -c -g -O2  conftest.cpp >&5
conftest.cpp:54:10: fatal error: netdb.h: No such file or directory
   54 | #include <netdb.h>
      |          ^~~~~~~~~
compilation terminated.
configure:4324: $? = 1
configure: failed program was:
| /* confdefs.h */
| #define PACKAGE_NAME "TheForgottenServer"
| #define PACKAGE_TARNAME "theforgottenserver"
| #define PACKAGE_VERSION "0.4"
| #define PACKAGE_STRING "TheForgottenServer 0.4"
| #define PACKAGE_BUGREPORT ""
| #define PACKAGE_URL ""
| #define PACKAGE "theforgottenserver"
| #define VERSION "0.4"
| #define STDC_HEADERS 1
| #define HAVE_SYS_TYPES_H 1
| #define HAVE_SYS_STAT_H 1
| #define HAVE_STDLIB_H 1
| #define HAVE_STRING_H 1
| #define HAVE_MEMORY_H 1
| #define HAVE_STRINGS_H 1
| #define HAVE_INTTYPES_H 1
| #define HAVE_STDINT_H 1
| #define HAVE_UNISTD_H 1
| /* end confdefs.h.  */
| #include <stdio.h>
| #ifdef HAVE_SYS_TYPES_H
| # include <sys/types.h>
| #endif
| #ifdef HAVE_SYS_STAT_H
| # include <sys/stat.h>
| #endif
| #ifdef STDC_HEADERS
| # include <stdlib.h>
| # include <stddef.h>
| #else
| # ifdef HAVE_STDLIB_H
| #  include <stdlib.h>
| # endif
| #endif
| #ifdef HAVE_STRING_H
| # if !defined STDC_HEADERS && defined HAVE_MEMORY_H
| #  include <memory.h>
| # endif
| # include <string.h>
| #endif
| #ifdef HAVE_STRINGS_H
| # include <strings.h>
| #endif
| #ifdef HAVE_INTTYPES_H
| # include <inttypes.h>
| #endif
| #ifdef HAVE_STDINT_H
| # include <stdint.h>
| #endif
| #ifdef HAVE_UNISTD_H
| # include <unistd.h>
| #endif
| #include <netdb.h>
configure:4324: result: no
configure:4324: checking netdb.h presence
configure:4324: g++ -E  conftest.cpp
conftest.cpp:21:10: fatal error: netdb.h: No such file or directory
   21 | #include <netdb.h>
      |          ^~~~~~~~~
compilation terminated.
configure:4324: $? = 1
configure: failed program was:
| /* confdefs.h */
| #define PACKAGE_NAME "TheForgottenServer"
| #define PACKAGE_TARNAME "theforgottenserver"
| #define PACKAGE_VERSION "0.4"
| #define PACKAGE_STRING "TheForgottenServer 0.4"
| #define PACKAGE_BUGREPORT ""
| #define PACKAGE_URL ""
| #define PACKAGE "theforgottenserver"
| #define VERSION "0.4"
| #define STDC_HEADERS 1
| #define HAVE_SYS_TYPES_H 1
| #define HAVE_SYS_STAT_H 1
| #define HAVE_STDLIB_H 1
| #define HAVE_STRING_H 1
| #define HAVE_MEMORY_H 1
| #define HAVE_STRINGS_H 1
| #define HAVE_INTTYPES_H 1
| #define HAVE_STDINT_H 1
| #define HAVE_UNISTD_H 1
| /* end confdefs.h.  */
| #include <netdb.h>
configure:4324: result: no
configure:4324: checking for netdb.h
configure:4324: result: no
configure:4324: checking netinet/in.h usability
configure:4324: g++ -c -g -O2  conftest.cpp >&5
conftest.cpp:54:10: fatal error: netinet/in.h: No such file or directory
   54 | #include <netinet/in.h>
      |          ^~~~~~~~~~~~~~
compilation terminated.
configure:4324: $? = 1
configure: failed program was:
| /* confdefs.h */
| #define PACKAGE_NAME "TheForgottenServer"
| #define PACKAGE_TARNAME "theforgottenserver"
| #define PACKAGE_VERSION "0.4"
| #define PACKAGE_STRING "TheForgottenServer 0.4"
| #define PACKAGE_BUGREPORT ""
| #define PACKAGE_URL ""
| #define PACKAGE "theforgottenserver"
| #define VERSION "0.4"
| #define STDC_HEADERS 1
| #define HAVE_SYS_TYPES_H 1
| #define HAVE_SYS_STAT_H 1
| #define HAVE_STDLIB_H 1
| #define HAVE_STRING_H 1
| #define HAVE_MEMORY_H 1
| #define HAVE_STRINGS_H 1
| #define HAVE_INTTYPES_H 1
| #define HAVE_STDINT_H 1
| #define HAVE_UNISTD_H 1
| /* end confdefs.h.  */
| #include <stdio.h>
| #ifdef HAVE_SYS_TYPES_H
| # include <sys/types.h>
| #endif
| #ifdef HAVE_SYS_STAT_H
| # include <sys/stat.h>
| #endif
| #ifdef STDC_HEADERS
| # include <stdlib.h>
| # include <stddef.h>
| #else
| # ifdef HAVE_STDLIB_H
| #  include <stdlib.h>
| # endif
| #endif
| #ifdef HAVE_STRING_H
| # if !defined STDC_HEADERS && defined HAVE_MEMORY_H
| #  include <memory.h>
| # endif
| # include <string.h>
| #endif
| #ifdef HAVE_STRINGS_H
| # include <strings.h>
| #endif
| #ifdef HAVE_INTTYPES_H
| # include <inttypes.h>
| #endif
| #ifdef HAVE_STDINT_H
| # include <stdint.h>
| #endif
| #ifdef HAVE_UNISTD_H
| # include <unistd.h>
| #endif
| #include <netinet/in.h>
configure:4324: result: no
configure:4324: checking netinet/in.h presence
configure:4324: g++ -E  conftest.cpp
conftest.cpp:21:10: fatal error: netinet/in.h: No such file or directory
   21 | #include <netinet/in.h>
      |          ^~~~~~~~~~~~~~
compilation terminated.
configure:4324: $? = 1
configure: failed program was:
| /* confdefs.h */
| #define PACKAGE_NAME "TheForgottenServer"
| #define PACKAGE_TARNAME "theforgottenserver"
| #define PACKAGE_VERSION "0.4"
| #define PACKAGE_STRING "TheForgottenServer 0.4"
| #define PACKAGE_BUGREPORT ""
| #define PACKAGE_URL ""
| #define PACKAGE "theforgottenserver"
| #define VERSION "0.4"
| #define STDC_HEADERS 1
| #define HAVE_SYS_TYPES_H 1
| #define HAVE_SYS_STAT_H 1
| #define HAVE_STDLIB_H 1
| #define HAVE_STRING_H 1
| #define HAVE_MEMORY_H 1
| #define HAVE_STRINGS_H 1
| #define HAVE_INTTYPES_H 1
| #define HAVE_STDINT_H 1
| #define HAVE_UNISTD_H 1
| /* end confdefs.h.  */
| #include <netinet/in.h>
configure:4324: result: no
configure:4324: checking for netinet/in.h
configure:4324: result: no
configure:4324: checking stddef.h usability
configure:4324: g++ -c -g -O2  conftest.cpp >&5
configure:4324: $? = 0
configure:4324: result: yes
configure:4324: checking stddef.h presence
configure:4324: g++ -E  conftest.cpp
configure:4324: $? = 0
configure:4324: result: yes
configure:4324: checking for stddef.h
configure:4324: result: yes
configure:4324: checking for stdint.h
configure:4324: result: yes
configure:4324: checking for stdlib.h
configure:4324: result: yes
configure:4324: checking sys/socket.h usability
configure:4324: g++ -c -g -O2  conftest.cpp >&5
conftest.cpp:57:10: fatal error: sys/socket.h: No such file or directory
   57 | #include <sys/socket.h>
      |          ^~~~~~~~~~~~~~
compilation terminated.
configure:4324: $? = 1
configure: failed program was:
| /* confdefs.h */
| #define PACKAGE_NAME "TheForgottenServer"
| #define PACKAGE_TARNAME "theforgottenserver"
| #define PACKAGE_VERSION "0.4"
| #define PACKAGE_STRING "TheForgottenServer 0.4"
| #define PACKAGE_BUGREPORT ""
| #define PACKAGE_URL ""
| #define PACKAGE "theforgottenserver"
| #define VERSION "0.4"
| #define STDC_HEADERS 1
| #define HAVE_SYS_TYPES_H 1
| #define HAVE_SYS_STAT_H 1
| #define HAVE_STDLIB_H 1
| #define HAVE_STRING_H 1
| #define HAVE_MEMORY_H 1
| #define HAVE_STRINGS_H 1
| #define HAVE_INTTYPES_H 1
| #define HAVE_STDINT_H 1
| #define HAVE_UNISTD_H 1
| #define HAVE_STDDEF_H 1
| #define HAVE_STDINT_H 1
| #define HAVE_STDLIB_H 1
| /* end confdefs.h.  */
| #include <stdio.h>
| #ifdef HAVE_SYS_TYPES_H
| # include <sys/types.h>
| #endif
| #ifdef HAVE_SYS_STAT_H
| # include <sys/stat.h>
| #endif
| #ifdef STDC_HEADERS
| # include <stdlib.h>
| # include <stddef.h>
| #else
| # ifdef HAVE_STDLIB_H
| #  include <stdlib.h>
| # endif
| #endif
| #ifdef HAVE_STRING_H
| # if !defined STDC_HEADERS && defined HAVE_MEMORY_H
| #  include <memory.h>
| # endif
| # include <string.h>
| #endif
| #ifdef HAVE_STRINGS_H
| # include <strings.h>
| #endif
| #ifdef HAVE_INTTYPES_H
| # include <inttypes.h>
| #endif
| #ifdef HAVE_STDINT_H
| # include <stdint.h>
| #endif
| #ifdef HAVE_UNISTD_H
| # include <unistd.h>
| #endif
| #include <sys/socket.h>
configure:4324: result: no
configure:4324: checking sys/socket.h presence
configure:4324: g++ -E  conftest.cpp
conftest.cpp:24:10: fatal error: sys/socket.h: No such file or directory
   24 | #include <sys/socket.h>
      |          ^~~~~~~~~~~~~~
compilation terminated.
configure:4324: $? = 1
configure: failed program was:
| /* confdefs.h */
| #define PACKAGE_NAME "TheForgottenServer"
| #define PACKAGE_TARNAME "theforgottenserver"
| #define PACKAGE_VERSION "0.4"
| #define PACKAGE_STRING "TheForgottenServer 0.4"
| #define PACKAGE_BUGREPORT ""
| #define PACKAGE_URL ""
| #define PACKAGE "theforgottenserver"
| #define VERSION "0.4"
| #define STDC_HEADERS 1
| #define HAVE_SYS_TYPES_H 1
| #define HAVE_SYS_STAT_H 1
| #define HAVE_STDLIB_H 1
| #define HAVE_STRING_H 1
| #define HAVE_MEMORY_H 1
| #define HAVE_STRINGS_H 1
| #define HAVE_INTTYPES_H 1
| #define HAVE_STDINT_H 1
| #define HAVE_UNISTD_H 1
| #define HAVE_STDDEF_H 1
| #define HAVE_STDINT_H 1
| #define HAVE_STDLIB_H 1
| /* end confdefs.h.  */
| #include <sys/socket.h>
configure:4324: result: no
configure:4324: checking for sys/socket.h
configure:4324: result: no
configure:4324: checking sys/timeb.h usability
configure:4324: g++ -c -g -O2  conftest.cpp >&5
configure:4324: $? = 0
configure:4324: result: yes
configure:4324: checking sys/timeb.h presence
configure:4324: g++ -E  conftest.cpp
configure:4324: $? = 0
configure:4324: result: yes
configure:4324: checking for sys/timeb.h
configure:4324: result: yes
configure:4336: checking for stdbool.h that conforms to C99
configure:4403: g++ -c -g -O2  conftest.cpp >&5
conftest.cpp:28:15: error: expected unqualified-id before string constant
   28 |               "error: bool is not defined"
      |               ^~~~~~~~~~~~~~~~~~~~~~~~~~~~
conftest.cpp:46:48: error: 's' does not name a type
   46 |              struct s { _Bool s: 1; _Bool t; } s;
      |                                                ^
conftest.cpp:56:28: error: 's' was not declared in this scope
   56 |              char i[sizeof s.t];
      |                            ^
conftest.cpp: In function 'int main()':
conftest.cpp:74:24: error: 's' was not declared in this scope
   74 |              bool e = &s;
      |                        ^
conftest.cpp:78:63: error: 'i' was not declared in this scope
   78 |              return (!a + !b + !c + !d + !e + !f + !g + !h + !i + !!j + !k + !!l
      |                                                               ^
configure:4403: $? = 1
configure: failed program was:
| /* confdefs.h */
| #define PACKAGE_NAME "TheForgottenServer"
| #define PACKAGE_TARNAME "theforgottenserver"
| #define PACKAGE_VERSION "0.4"
| #define PACKAGE_STRING "TheForgottenServer 0.4"
| #define PACKAGE_BUGREPORT ""
| #define PACKAGE_URL ""
| #define PACKAGE "theforgottenserver"
| #define VERSION "0.4"
| #define STDC_HEADERS 1
| #define HAVE_SYS_TYPES_H 1
| #define HAVE_SYS_STAT_H 1
| #define HAVE_STDLIB_H 1
| #define HAVE_STRING_H 1
| #define HAVE_MEMORY_H 1
| #define HAVE_STRINGS_H 1
| #define HAVE_INTTYPES_H 1
| #define HAVE_STDINT_H 1
| #define HAVE_UNISTD_H 1
| #define HAVE_STDDEF_H 1
| #define HAVE_STDINT_H 1
| #define HAVE_STDLIB_H 1
| #define HAVE_SYS_TIMEB_H 1
| /* end confdefs.h.  */
| 
|              #include <stdbool.h>
|              #ifndef bool
|               "error: bool is not defined"
|              #endif
|              #ifndef false
|               "error: false is not defined"
|              #endif
|              #if false
|               "error: false is not 0"
|              #endif
|              #ifndef true
|               "error: true is not defined"
|              #endif
|              #if true != 1
|               "error: true is not 1"
|              #endif
|              #ifndef __bool_true_false_are_defined
|               "error: __bool_true_false_are_defined is not defined"
|              #endif
| 
|              struct s { _Bool s: 1; _Bool t; } s;
| 
|              char a[true == 1 ? 1 : -1];
|              char b[false == 0 ? 1 : -1];
|              char c[__bool_true_false_are_defined == 1 ? 1 : -1];
|              char d[(bool) 0.5 == true ? 1 : -1];
|              /* See body of main program for 'e'.  */
|              char f[(_Bool) 0.0 == false ? 1 : -1];
|              char g[true];
|              char h[sizeof (_Bool)];
|              char i[sizeof s.t];
|              enum { j = false, k = true, l = false * true, m = true * 256 };
|              /* The following fails for
|                 HP aC++/ANSI C B3910B A.05.55 [Dec 04 2003]. */
|              _Bool n[m];
|              char o[sizeof n == m * sizeof n[0] ? 1 : -1];
|              char p[-1 - (_Bool) 0 < 0 && -1 - (bool) 0 < 0 ? 1 : -1];
|              /* Catch a bug in an HP-UX C compiler.  See
|                 http://gcc.gnu.org/ml/gcc-patches/2003-12/msg02303.html
|                 http://lists.gnu.org/archive/html/bug-coreutils/2005-11/msg00161.html
|               */
|              _Bool q = true;
|              _Bool *pq = &q;
| 
| int
| main (void)
| {
| 
|              bool e = &s;
|              *pq |= q;
|              *pq |= ! q;
|              /* Refer to every declared value, to avoid compiler optimizations.  */
|              return (!a + !b + !c + !d + !e + !f + !g + !h + !i + !!j + !k + !!l
|                      + !m + !n + !o + !p + !q + !pq);
| 
|   ;
|   return 0;
| }
configure:4410: result: no
configure:4412: checking for _Bool
configure:4412: g++ -c -g -O2  conftest.cpp >&5
conftest.cpp: In function 'int main()':
conftest.cpp:61:13: error: '_Bool' was not declared in this scope
   61 | if (sizeof (_Bool))
      |             ^~~~~
configure:4412: $? = 1
configure: failed program was:
| /* confdefs.h */
| #define PACKAGE_NAME "TheForgottenServer"
| #define PACKAGE_TARNAME "theforgottenserver"
| #define PACKAGE_VERSION "0.4"
| #define PACKAGE_STRING "TheForgottenServer 0.4"
| #define PACKAGE_BUGREPORT ""
| #define PACKAGE_URL ""
| #define PACKAGE "theforgottenserver"
| #define VERSION "0.4"
| #define STDC_HEADERS 1
| #define HAVE_SYS_TYPES_H 1
| #define HAVE_SYS_STAT_H 1
| #define HAVE_STDLIB_H 1
| #define HAVE_STRING_H 1
| #define HAVE_MEMORY_H 1
| #define HAVE_STRINGS_H 1
| #define HAVE_INTTYPES_H 1
| #define HAVE_STDINT_H 1
| #define HAVE_UNISTD_H 1
| #define HAVE_STDDEF_H 1
| #define HAVE_STDINT_H 1
| #define HAVE_STDLIB_H 1
| #define HAVE_SYS_TIMEB_H 1
| /* end confdefs.h.  */
| #include <stdio.h>
| #ifdef HAVE_SYS_TYPES_H
| # include <sys/types.h>
| #endif
| #ifdef HAVE_SYS_STAT_H
| # include <sys/stat.h>
| #endif
| #ifdef STDC_HEADERS
| # include <stdlib.h>
| # include <stddef.h>
| #else
| # ifdef HAVE_STDLIB_H
| #  include <stdlib.h>
| # endif
| #endif
| #ifdef HAVE_STRING_H
| # if !defined STDC_HEADERS && defined HAVE_MEMORY_H
| #  include <memory.h>
| # endif
| # include <string.h>
| #endif
| #ifdef HAVE_STRINGS_H
| # include <strings.h>
| #endif
| #ifdef HAVE_INTTYPES_H
| # include <inttypes.h>
| #endif
| #ifdef HAVE_STDINT_H
| # include <stdint.h>
| #endif
| #ifdef HAVE_UNISTD_H
| # include <unistd.h>
| #endif
| int
| main (void)
| {
| if (sizeof (_Bool))
| 	 return 0;
|   ;
|   return 0;
| }
configure:4412: result: no
configure:4429: checking for an ANSI C-conforming const
configure:4495: g++ -c -g -O2  conftest.cpp >&5
configure:4495: $? = 0
configure:4502: result: yes
configure:4510: checking for inline
configure:4526: g++ -c -g -O2  conftest.cpp >&5
configure:4526: $? = 0
configure:4534: result: inline
configure:4552: checking for int16_t
configure:4552: g++ -c -g -O2  conftest.cpp >&5
configure:4552: $? = 0
configure:4552: g++ -c -g -O2  conftest.cpp >&5
conftest.cpp: In function 'int main()':
conftest.cpp:63:72: error: narrowing conversion of '-1' from 'int' to 'long long unsigned int' [-Wnarrowing]
   63 |                  < (int16_t) (((((int16_t) 1 << N) << N) - 1) * 2 + 2))];
      |                                                                        ^
conftest.cpp:62:26: error: size '-1' of array 'test_array' is negative
   62 | static int test_array [1 - 2 * !((int16_t) (((((int16_t) 1 << N) << N) - 1) * 2 + 1)
      |                        ~~^~~~~~~~~~~~~~~~~~~~~~~~~~~~~~~~~~~~~~~~~~~~~~~~~~~~~~~~~~~
   63 |                  < (int16_t) (((((int16_t) 1 << N) << N) - 1) * 2 + 2))];
      |                  ~~~~~~~~~~~~~~~~~~~~~~~~~~~~~~~~~~~~~~~~~~~~~~~~~~~~~~
configure:4552: $? = 1
configure: failed program was:
| /* confdefs.h */
| #define PACKAGE_NAME "TheForgottenServer"
| #define PACKAGE_TARNAME "theforgottenserver"
| #define PACKAGE_VERSION "0.4"
| #define PACKAGE_STRING "TheForgottenServer 0.4"
| #define PACKAGE_BUGREPORT ""
| #define PACKAGE_URL ""
| #define PACKAGE "theforgottenserver"
| #define VERSION "0.4"
| #define STDC_HEADERS 1
| #define HAVE_SYS_TYPES_H 1
| #define HAVE_SYS_STAT_H 1
| #define HAVE_STDLIB_H 1
| #define HAVE_STRING_H 1
| #define HAVE_MEMORY_H 1
| #define HAVE_STRINGS_H 1
| #define HAVE_INTTYPES_H 1
| #define HAVE_STDINT_H 1
| #define HAVE_UNISTD_H 1
| #define HAVE_STDDEF_H 1
| #define HAVE_STDINT_H 1
| #define HAVE_STDLIB_H 1
| #define HAVE_SYS_TIMEB_H 1
| /* end confdefs.h.  */
| #include <stdio.h>
| #ifdef HAVE_SYS_TYPES_H
| # include <sys/types.h>
| #endif
| #ifdef HAVE_SYS_STAT_H
| # include <sys/stat.h>
| #endif
| #ifdef STDC_HEADERS
| # include <stdlib.h>
| # include <stddef.h>
| #else
| # ifdef HAVE_STDLIB_H
| #  include <stdlib.h>
| # endif
| #endif
| #ifdef HAVE_STRING_H
| # if !defined STDC_HEADERS && defined HAVE_MEMORY_H
| #  include <memory.h>
| # endif
| # include <string.h>
| #endif
| #ifdef HAVE_STRINGS_H
| # include <strings.h>
| #endif
| #ifdef HAVE_INTTYPES_H
| # include <inttypes.h>
| #endif
| #ifdef HAVE_STDINT_H
| # include <stdint.h>
| #endif
| #ifdef HAVE_UNISTD_H
| # include <unistd.h>
| #endif
| 	        enum { N = 16 / 2 - 1 };
| int
| main (void)
| {
| static int test_array [1 - 2 * !((int16_t) (((((int16_t) 1 << N) << N) - 1) * 2 + 1)
| 		 < (int16_t) (((((int16_t) 1 << N) << N) - 1) * 2 + 2))];
| test_array [0] = 0;
| return test_array [0];
| 
|   ;
|   return 0;
| }
configure:4552: result: yes
configure:4563: checking for int32_t
configure:4563: g++ -c -g -O2  conftest.cpp >&5
configure:4563: $? = 0
configure:4563: g++ -c -g -O2  conftest.cpp >&5
conftest.cpp: In function 'int main()':
conftest.cpp:63:67: warning: integer overflow in expression of type 'int32_t' {aka 'int'} results in '-2147483648' [-Woverflow]
   63 |                  < (int32_t) (((((int32_t) 1 << N) << N) - 1) * 2 + 2))];
      |                               ~~~~~~~~~~~~~~~~~~~~~~~~~~~~~~~~~~~~^~~
conftest.cpp:62:26: error: size '-1' of array 'test_array' is negative
   62 | static int test_array [1 - 2 * !((int32_t) (((((int32_t) 1 << N) << N) - 1) * 2 + 1)
      |                        ~~^~~~~~~~~~~~~~~~~~~~~~~~~~~~~~~~~~~~~~~~~~~~~~~~~~~~~~~~~~~
   63 |                  < (int32_t) (((((int32_t) 1 << N) << N) - 1) * 2 + 2))];
      |                  ~~~~~~~~~~~~~~~~~~~~~~~~~~~~~~~~~~~~~~~~~~~~~~~~~~~~~~
configure:4563: $? = 1
configure: failed program was:
| /* confdefs.h */
| #define PACKAGE_NAME "TheForgottenServer"
| #define PACKAGE_TARNAME "theforgottenserver"
| #define PACKAGE_VERSION "0.4"
| #define PACKAGE_STRING "TheForgottenServer 0.4"
| #define PACKAGE_BUGREPORT ""
| #define PACKAGE_URL ""
| #define PACKAGE "theforgottenserver"
| #define VERSION "0.4"
| #define STDC_HEADERS 1
| #define HAVE_SYS_TYPES_H 1
| #define HAVE_SYS_STAT_H 1
| #define HAVE_STDLIB_H 1
| #define HAVE_STRING_H 1
| #define HAVE_MEMORY_H 1
| #define HAVE_STRINGS_H 1
| #define HAVE_INTTYPES_H 1
| #define HAVE_STDINT_H 1
| #define HAVE_UNISTD_H 1
| #define HAVE_STDDEF_H 1
| #define HAVE_STDINT_H 1
| #define HAVE_STDLIB_H 1
| #define HAVE_SYS_TIMEB_H 1
| /* end confdefs.h.  */
| #include <stdio.h>
| #ifdef HAVE_SYS_TYPES_H
| # include <sys/types.h>
| #endif
| #ifdef HAVE_SYS_STAT_H
| # include <sys/stat.h>
| #endif
| #ifdef STDC_HEADERS
| # include <stdlib.h>
| # include <stddef.h>
| #else
| # ifdef HAVE_STDLIB_H
| #  include <stdlib.h>
| # endif
| #endif
| #ifdef HAVE_STRING_H
| # if !defined STDC_HEADERS && defined HAVE_MEMORY_H
| #  include <memory.h>
| # endif
| # include <string.h>
| #endif
| #ifdef HAVE_STRINGS_H
| # include <strings.h>
| #endif
| #ifdef HAVE_INTTYPES_H
| # include <inttypes.h>
| #endif
| #ifdef HAVE_STDINT_H
| # include <stdint.h>
| #endif
| #ifdef HAVE_UNISTD_H
| # include <unistd.h>
| #endif
| 	        enum { N = 32 / 2 - 1 };
| int
| main (void)
| {
| static int test_array [1 - 2 * !((int32_t) (((((int32_t) 1 << N) << N) - 1) * 2 + 1)
| 		 < (int32_t) (((((int32_t) 1 << N) << N) - 1) * 2 + 2))];
| test_array [0] = 0;
| return test_array [0];
| 
|   ;
|   return 0;
| }
configure:4563: result: yes
configure:4574: checking for int64_t
configure:4574: g++ -c -g -O2  conftest.cpp >&5
configure:4574: $? = 0
configure:4574: g++ -c -g -O2  conftest.cpp >&5
conftest.cpp: In function 'int main()':
conftest.cpp:63:67: warning: integer overflow in expression of type 'int64_t' {aka 'long long int'} results in '-9223372036854775808' [-Woverflow]
   63 |                  < (int64_t) (((((int64_t) 1 << N) << N) - 1) * 2 + 2))];
      |                               ~~~~~~~~~~~~~~~~~~~~~~~~~~~~~~~~~~~~^~~
conftest.cpp:62:26: error: size '-1' of array 'test_array' is negative
   62 | static int test_array [1 - 2 * !((int64_t) (((((int64_t) 1 << N) << N) - 1) * 2 + 1)
      |                        ~~^~~~~~~~~~~~~~~~~~~~~~~~~~~~~~~~~~~~~~~~~~~~~~~~~~~~~~~~~~~
   63 |                  < (int64_t) (((((int64_t) 1 << N) << N) - 1) * 2 + 2))];
      |                  ~~~~~~~~~~~~~~~~~~~~~~~~~~~~~~~~~~~~~~~~~~~~~~~~~~~~~~
configure:4574: $? = 1
configure: failed program was:
| /* confdefs.h */
| #define PACKAGE_NAME "TheForgottenServer"
| #define PACKAGE_TARNAME "theforgottenserver"
| #define PACKAGE_VERSION "0.4"
| #define PACKAGE_STRING "TheForgottenServer 0.4"
| #define PACKAGE_BUGREPORT ""
| #define PACKAGE_URL ""
| #define PACKAGE "theforgottenserver"
| #define VERSION "0.4"
| #define STDC_HEADERS 1
| #define HAVE_SYS_TYPES_H 1
| #define HAVE_SYS_STAT_H 1
| #define HAVE_STDLIB_H 1
| #define HAVE_STRING_H 1
| #define HAVE_MEMORY_H 1
| #define HAVE_STRINGS_H 1
| #define HAVE_INTTYPES_H 1
| #define HAVE_STDINT_H 1
| #define HAVE_UNISTD_H 1
| #define HAVE_STDDEF_H 1
| #define HAVE_STDINT_H 1
| #define HAVE_STDLIB_H 1
| #define HAVE_SYS_TIMEB_H 1
| /* end confdefs.h.  */
| #include <stdio.h>
| #ifdef HAVE_SYS_TYPES_H
| # include <sys/types.h>
| #endif
| #ifdef HAVE_SYS_STAT_H
| # include <sys/stat.h>
| #endif
| #ifdef STDC_HEADERS
| # include <stdlib.h>
| # include <stddef.h>
| #else
| # ifdef HAVE_STDLIB_H
| #  include <stdlib.h>
| # endif
| #endif
| #ifdef HAVE_STRING_H
| # if !defined STDC_HEADERS && defined HAVE_MEMORY_H
| #  include <memory.h>
| # endif
| # include <string.h>
| #endif
| #ifdef HAVE_STRINGS_H
| # include <strings.h>
| #endif
| #ifdef HAVE_INTTYPES_H
| # include <inttypes.h>
| #endif
| #ifdef HAVE_STDINT_H
| # include <stdint.h>
| #endif
| #ifdef HAVE_UNISTD_H
| # include <unistd.h>
| #endif
| 	        enum { N = 64 / 2 - 1 };
| int
| main (void)
| {
| static int test_array [1 - 2 * !((int64_t) (((((int64_t) 1 << N) << N) - 1) * 2 + 1)
| 		 < (int64_t) (((((int64_t) 1 << N) << N) - 1) * 2 + 2))];
| test_array [0] = 0;
| return test_array [0];
| 
|   ;
|   return 0;
| }
configure:4574: result: yes
configure:4585: checking for size_t
configure:4585: g++ -c -g -O2  conftest.cpp >&5
configure:4585: $? = 0
configure:4585: g++ -c -g -O2  conftest.cpp >&5
conftest.cpp: In function 'int main()':
conftest.cpp:61:20: error: expected primary-expression before ')' token
   61 | if (sizeof ((size_t)))
      |                    ^
configure:4585: $? = 1
configure: failed program was:
| /* confdefs.h */
| #define PACKAGE_NAME "TheForgottenServer"
| #define PACKAGE_TARNAME "theforgottenserver"
| #define PACKAGE_VERSION "0.4"
| #define PACKAGE_STRING "TheForgottenServer 0.4"
| #define PACKAGE_BUGREPORT ""
| #define PACKAGE_URL ""
| #define PACKAGE "theforgottenserver"
| #define VERSION "0.4"
| #define STDC_HEADERS 1
| #define HAVE_SYS_TYPES_H 1
| #define HAVE_SYS_STAT_H 1
| #define HAVE_STDLIB_H 1
| #define HAVE_STRING_H 1
| #define HAVE_MEMORY_H 1
| #define HAVE_STRINGS_H 1
| #define HAVE_INTTYPES_H 1
| #define HAVE_STDINT_H 1
| #define HAVE_UNISTD_H 1
| #define HAVE_STDDEF_H 1
| #define HAVE_STDINT_H 1
| #define HAVE_STDLIB_H 1
| #define HAVE_SYS_TIMEB_H 1
| /* end confdefs.h.  */
| #include <stdio.h>
| #ifdef HAVE_SYS_TYPES_H
| # include <sys/types.h>
| #endif
| #ifdef HAVE_SYS_STAT_H
| # include <sys/stat.h>
| #endif
| #ifdef STDC_HEADERS
| # include <stdlib.h>
| # include <stddef.h>
| #else
| # ifdef HAVE_STDLIB_H
| #  include <stdlib.h>
| # endif
| #endif
| #ifdef HAVE_STRING_H
| # if !defined STDC_HEADERS && defined HAVE_MEMORY_H
| #  include <memory.h>
| # endif
| # include <string.h>
| #endif
| #ifdef HAVE_STRINGS_H
| # include <strings.h>
| #endif
| #ifdef HAVE_INTTYPES_H
| # include <inttypes.h>
| #endif
| #ifdef HAVE_STDINT_H
| # include <stdint.h>
| #endif
| #ifdef HAVE_UNISTD_H
| # include <unistd.h>
| #endif
| int
| main (void)
| {
| if (sizeof ((size_t)))
| 	    return 0;
|   ;
|   return 0;
| }
configure:4585: result: yes
configure:4596: checking whether struct tm is in sys/time.h or time.h
configure:4616: g++ -c -g -O2  conftest.cpp >&5
configure:4616: $? = 0
configure:4623: result: time.h
configure:4631: checking for uint16_t
configure:4631: g++ -c -g -O2  conftest.cpp >&5
configure:4631: $? = 0
configure:4631: result: yes
configure:4643: checking for uint32_t
configure:4643: g++ -c -g -O2  conftest.cpp >&5
configure:4643: $? = 0
configure:4643: result: yes
configure:4657: checking for uint64_t
configure:4657: g++ -c -g -O2  conftest.cpp >&5
configure:4657: $? = 0
configure:4657: result: yes
configure:4671: checking for uint8_t
configure:4671: g++ -c -g -O2  conftest.cpp >&5
configure:4671: $? = 0
configure:4671: result: yes
configure:4685: checking for ptrdiff_t
configure:4685: g++ -c -g -O2  conftest.cpp >&5
configure:4685: $? = 0
configure:4685: g++ -c -g -O2  conftest.cpp >&5
conftest.cpp: In function 'int main()':
conftest.cpp:61:23: error: expected primary-expression before ')' token
   61 | if (sizeof ((ptrdiff_t)))
      |                       ^
configure:4685: $? = 1
configure: failed program was:
| /* confdefs.h */
| #define PACKAGE_NAME "TheForgottenServer"
| #define PACKAGE_TARNAME "theforgottenserver"
| #define PACKAGE_VERSION "0.4"
| #define PACKAGE_STRING "TheForgottenServer 0.4"
| #define PACKAGE_BUGREPORT ""
| #define PACKAGE_URL ""
| #define PACKAGE "theforgottenserver"
| #define VERSION "0.4"
| #define STDC_HEADERS 1
| #define HAVE_SYS_TYPES_H 1
| #define HAVE_SYS_STAT_H 1
| #define HAVE_STDLIB_H 1
| #define HAVE_STRING_H 1
| #define HAVE_MEMORY_H 1
| #define HAVE_STRINGS_H 1
| #define HAVE_INTTYPES_H 1
| #define HAVE_STDINT_H 1
| #define HAVE_UNISTD_H 1
| #define HAVE_STDDEF_H 1
| #define HAVE_STDINT_H 1
| #define HAVE_STDLIB_H 1
| #define HAVE_SYS_TIMEB_H 1
| /* end confdefs.h.  */
| #include <stdio.h>
| #ifdef HAVE_SYS_TYPES_H
| # include <sys/types.h>
| #endif
| #ifdef HAVE_SYS_STAT_H
| # include <sys/stat.h>
| #endif
| #ifdef STDC_HEADERS
| # include <stdlib.h>
| # include <stddef.h>
| #else
| # ifdef HAVE_STDLIB_H
| #  include <stdlib.h>
| # endif
| #endif
| #ifdef HAVE_STRING_H
| # if !defined STDC_HEADERS && defined HAVE_MEMORY_H
| #  include <memory.h>
| # endif
| # include <string.h>
| #endif
| #ifdef HAVE_STRINGS_H
| # include <strings.h>
| #endif
| #ifdef HAVE_INTTYPES_H
| # include <inttypes.h>
| #endif
| #ifdef HAVE_STDINT_H
| # include <stdint.h>
| #endif
| #ifdef HAVE_UNISTD_H
| # include <unistd.h>
| #endif
| int
| main (void)
| {
| if (sizeof ((ptrdiff_t)))
| 	    return 0;
|   ;
|   return 0;
| }
configure:4685: result: yes
configure:4699: checking for stdlib.h
configure:4699: result: yes
configure:4709: checking for GNU libc compatible malloc
configure:4733: g++ -o conftest.exe -g -O2   conftest.cpp  >&5
configure:4733: $? = 0
configure:4733: ./conftest.exe
configure:4733: $? = 0
configure:4743: result: yes
configure:4764: checking for working memcmp
configure:4807: g++ -o conftest.exe -g -O2   conftest.cpp  >&5
configure:4807: $? = 0
configure:4807: ./conftest.exe
configure:4807: $? = 0
configure:4817: result: yes
configure:4828: checking for stdlib.h
configure:4828: result: yes
configure:4838: checking for GNU libc compatible realloc
configure:4862: g++ -o conftest.exe -g -O2   conftest.cpp  >&5
configure:4862: $? = 0
configure:4862: ./conftest.exe
configure:4862: $? = 0
configure:4872: result: yes
configure:4896: checking for ceil
configure:4896: g++ -o conftest.exe -g -O2   conftest.cpp  >&5
conftest.cpp:53:6: warning: declaration of 'char ceil()' conflicts with built-in declaration 'double ceil(double)' [-Wbuiltin-declaration-mismatch]
   53 | char ceil (void);
      |      ^~~~
configure:4896: $? = 0
configure:4896: result: yes
configure:4896: checking for floor
configure:4896: g++ -o conftest.exe -g -O2   conftest.cpp  >&5
conftest.cpp:54:6: warning: declaration of 'char floor()' conflicts with built-in declaration 'double floor(double)' [-Wbuiltin-declaration-mismatch]
   54 | char floor (void);
      |      ^~~~~
configure:4896: $? = 0
configure:4896: result: yes
configure:4896: checking for ftime
configure:4896: g++ -o conftest.exe -g -O2   conftest.cpp  >&5
configure:4896: $? = 0
configure:4896: result: yes
configure:4896: checking for gethostbyname
configure:4896: g++ -o conftest.exe -g -O2   conftest.cpp  >&5
C:/msys64/mingw64/bin/../lib/gcc/x86_64-w64-mingw32/16.1.0/../../../../x86_64-w64-mingw32/bin/ld.exe: C:\msys64\tmp\ccw5JetK.o: in function `main':
C:/Users/allan/OneDrive/Desktop/Project/source/conftest.cpp:67:(.text.startup+0xa): undefined reference to `gethostbyname'
collect2.exe: error: ld returned 1 exit status
configure:4896: $? = 1
configure: failed program was:
| /* confdefs.h */
| #define PACKAGE_NAME "TheForgottenServer"
| #define PACKAGE_TARNAME "theforgottenserver"
| #define PACKAGE_VERSION "0.4"
| #define PACKAGE_STRING "TheForgottenServer 0.4"
| #define PACKAGE_BUGREPORT ""
| #define PACKAGE_URL ""
| #define PACKAGE "theforgottenserver"
| #define VERSION "0.4"
| #define STDC_HEADERS 1
| #define HAVE_SYS_TYPES_H 1
| #define HAVE_SYS_STAT_H 1
| #define HAVE_STDLIB_H 1
| #define HAVE_STRING_H 1
| #define HAVE_MEMORY_H 1
| #define HAVE_STRINGS_H 1
| #define HAVE_INTTYPES_H 1
| #define HAVE_STDINT_H 1
| #define HAVE_UNISTD_H 1
| #define HAVE_STDDEF_H 1
| #define HAVE_STDINT_H 1
| #define HAVE_STDLIB_H 1
| #define HAVE_SYS_TIMEB_H 1
| #define HAVE_PTRDIFF_T 1
| #define HAVE_STDLIB_H 1
| #define HAVE_MALLOC 1
| #define HAVE_STDLIB_H 1
| #define HAVE_REALLOC 1
| #define HAVE_CEIL 1
| #define HAVE_FLOOR 1
| #define HAVE_FTIME 1
| /* end confdefs.h.  */
| /* Define gethostbyname to an innocuous variant, in case <limits.h> declares gethostbyname.
|    For example, HP-UX 11i <limits.h> declares gettimeofday.  */
| #define gethostbyname innocuous_gethostbyname
| 
| /* System header to define __stub macros and hopefully few prototypes,
|     which can conflict with char gethostbyname (void); below.
|     Prefer <limits.h> to <assert.h> if __STDC__ is defined, since
|     <limits.h> exists even on freestanding compilers.  */
| 
| #ifdef __STDC__
| # include <limits.h>
| #else
| # include <assert.h>
| #endif
| 
| #undef gethostbyname
| 
| /* Override any GCC internal prototype to avoid an error.
|    Use char because int might match the return type of a GCC
|    builtin and then its argument prototype would still apply.  */
| #ifdef __cplusplus
| extern "C"
| #endif
| char gethostbyname (void);
| /* The GNU C library defines this for functions which it implements
|     to always fail with ENOSYS.  Some functions are actually named
|     something starting with __ and the normal name is an alias.  */
| #if defined __stub_gethostbyname || defined __stub___gethostbyname
| choke me
| #endif
| 
| int
| main (void)
| {
| return gethostbyname ();
|   ;
|   return 0;
| }
configure:4896: result: no
configure:4896: checking for gethostname
configure:4896: g++ -o conftest.exe -g -O2   conftest.cpp  >&5
C:/msys64/mingw64/bin/../lib/gcc/x86_64-w64-mingw32/16.1.0/../../../../x86_64-w64-mingw32/bin/ld.exe: C:\msys64\tmp\cc8BzKxD.o: in function `main':
C:/Users/allan/OneDrive/Desktop/Project/source/conftest.cpp:67:(.text.startup+0xa): undefined reference to `gethostname'
collect2.exe: error: ld returned 1 exit status
configure:4896: $? = 1
configure: failed program was:
| /* confdefs.h */
| #define PACKAGE_NAME "TheForgottenServer"
| #define PACKAGE_TARNAME "theforgottenserver"
| #define PACKAGE_VERSION "0.4"
| #define PACKAGE_STRING "TheForgottenServer 0.4"
| #define PACKAGE_BUGREPORT ""
| #define PACKAGE_URL ""
| #define PACKAGE "theforgottenserver"
| #define VERSION "0.4"
| #define STDC_HEADERS 1
| #define HAVE_SYS_TYPES_H 1
| #define HAVE_SYS_STAT_H 1
| #define HAVE_STDLIB_H 1
| #define HAVE_STRING_H 1
| #define HAVE_MEMORY_H 1
| #define HAVE_STRINGS_H 1
| #define HAVE_INTTYPES_H 1
| #define HAVE_STDINT_H 1
| #define HAVE_UNISTD_H 1
| #define HAVE_STDDEF_H 1
| #define HAVE_STDINT_H 1
| #define HAVE_STDLIB_H 1
| #define HAVE_SYS_TIMEB_H 1
| #define HAVE_PTRDIFF_T 1
| #define HAVE_STDLIB_H 1
| #define HAVE_MALLOC 1
| #define HAVE_STDLIB_H 1
| #define HAVE_REALLOC 1
| #define HAVE_CEIL 1
| #define HAVE_FLOOR 1
| #define HAVE_FTIME 1
| /* end confdefs.h.  */
| /* Define gethostname to an innocuous variant, in case <limits.h> declares gethostname.
|    For example, HP-UX 11i <limits.h> declares gettimeofday.  */
| #define gethostname innocuous_gethostname
| 
| /* System header to define __stub macros and hopefully few prototypes,
|     which can conflict with char gethostname (void); below.
|     Prefer <limits.h> to <assert.h> if __STDC__ is defined, since
|     <limits.h> exists even on freestanding compilers.  */
| 
| #ifdef __STDC__
| # include <limits.h>
| #else
| # include <assert.h>
| #endif
| 
| #undef gethostname
| 
| /* Override any GCC internal prototype to avoid an error.
|    Use char because int might match the return type of a GCC
|    builtin and then its argument prototype would still apply.  */
| #ifdef __cplusplus
| extern "C"
| #endif
| char gethostname (void);
| /* The GNU C library defines this for functions which it implements
|     to always fail with ENOSYS.  Some functions are actually named
|     something starting with __ and the normal name is an alias.  */
| #if defined __stub_gethostname || defined __stub___gethostname
| choke me
| #endif
| 
| int
| main (void)
| {
| return gethostname ();
|   ;
|   return 0;
| }
configure:4896: result: no
configure:4896: checking for memset
configure:4896: g++ -o conftest.exe -g -O2   conftest.cpp  >&5
conftest.cpp:56:6: warning: declaration of 'char memset()' conflicts with built-in declaration 'void* memset(void*, int, long long unsigned int)' [-Wbuiltin-declaration-mismatch]
   56 | char memset (void);
      |      ^~~~~~
configure:4896: $? = 0
configure:4896: result: yes
configure:4896: checking for pow
configure:4896: g++ -o conftest.exe -g -O2   conftest.cpp  >&5
conftest.cpp:57:6: warning: declaration of 'char pow()' conflicts with built-in declaration 'double pow(double, double)' [-Wbuiltin-declaration-mismatch]
   57 | char pow (void);
      |      ^~~
configure:4896: $? = 0
configure:4896: result: yes
configure:4896: checking for sqrt
configure:4896: g++ -o conftest.exe -g -O2   conftest.cpp  >&5
conftest.cpp:58:6: warning: declaration of 'char sqrt()' conflicts with built-in declaration 'double sqrt(double)' [-Wbuiltin-declaration-mismatch]
   58 | char sqrt (void);
      |      ^~~~
configure:4896: $? = 0
configure:4896: result: yes
configure:4896: checking for strcasecmp
configure:4896: g++ -o conftest.exe -g -O2   conftest.cpp  >&5
conftest.cpp:59:6: warning: declaration of 'char strcasecmp()' conflicts with built-in declaration 'int strcasecmp(const char*, const char*)' [-Wbuiltin-declaration-mismatch]
   59 | char strcasecmp (void);
      |      ^~~~~~~~~~
configure:4896: $? = 0
configure:4896: result: yes
configure:4896: checking for strncasecmp
configure:4896: g++ -o conftest.exe -g -O2   conftest.cpp  >&5
conftest.cpp:60:6: warning: declaration of 'char strncasecmp()' conflicts with built-in declaration 'int strncasecmp(const char*, const char*, long long unsigned int)' [-Wbuiltin-declaration-mismatch]
   60 | char strncasecmp (void);
      |      ^~~~~~~~~~~
configure:4896: $? = 0
configure:4896: result: yes
configure:4896: checking for strstr
configure:4896: g++ -o conftest.exe -g -O2   conftest.cpp  >&5
conftest.cpp:61:6: warning: declaration of 'char strstr()' conflicts with built-in declaration 'char* strstr(const char*, const char*)' [-Wbuiltin-declaration-mismatch]
   61 | char strstr (void);
      |      ^~~~~~
configure:4896: $? = 0
configure:4896: result: yes
configure:4896: checking for strtol
configure:4896: g++ -o conftest.exe -g -O2   conftest.cpp  >&5
configure:4896: $? = 0
configure:4896: result: yes
configure:4961: checking for pkg-config
configure:4979: found /mingw64/bin/pkg-config
configure:4991: result: /mingw64/bin/pkg-config
configure:5016: checking pkg-config is at least version 0.9.0
configure:5019: result: yes
configure:5032: checking for libxml-2.0 >= 2.6.5
configure:5039: $PKG_CONFIG --exists --print-errors "libxml-2.0 >= 2.6.5"
configure:5042: $? = 0
configure:5056: $PKG_CONFIG --exists --print-errors "libxml-2.0 >= 2.6.5"
configure:5059: $? = 0
configure:5117: result: yes
configure:5126: checking for main in -lws2_32
configure:5145: g++ -o conftest.exe -g -O2   conftest.cpp -lws2_32   -lxml2 >&5
configure:5145: $? = 0
configure:5154: result: yes
configure:5164: checking zlib.h usability
configure:5164: g++ -c -g -O2  conftest.cpp >&5
configure:5164: $? = 0
configure:5164: result: yes
configure:5164: checking zlib.h presence
configure:5164: g++ -E  conftest.cpp
configure:5164: $? = 0
configure:5164: result: yes
configure:5164: checking for zlib.h
configure:5164: result: yes
configure:5176: checking for main in -lz
configure:5195: g++ -o conftest.exe -g -O2   conftest.cpp -lz   -lxml2 -lws2_32 -lwsock32 -liphlpapi >&5
configure:5195: $? = 0
configure:5204: result: yes
configure:5219: checking for main in -lboost_thread-gcc-mt
configure:5238: g++ -o conftest.exe -g -O2   conftest.cpp -lboost_thread-gcc-mt  -lz  -lxml2 -lws2_32 -lwsock32 -liphlpapi >&5
C:/msys64/mingw64/bin/../lib/gcc/x86_64-w64-mingw32/16.1.0/../../../../x86_64-w64-mingw32/bin/ld.exe: cannot find -lboost_thread-gcc-mt: No such file or directory
collect2.exe: error: ld returned 1 exit status
configure:5238: $? = 1
configure: failed program was:
| /* confdefs.h */
| #define PACKAGE_NAME "TheForgottenServer"
| #define PACKAGE_TARNAME "theforgottenserver"
| #define PACKAGE_VERSION "0.4"
| #define PACKAGE_STRING "TheForgottenServer 0.4"
| #define PACKAGE_BUGREPORT ""
| #define PACKAGE_URL ""
| #define PACKAGE "theforgottenserver"
| #define VERSION "0.4"
| #define STDC_HEADERS 1
| #define HAVE_SYS_TYPES_H 1
| #define HAVE_SYS_STAT_H 1
| #define HAVE_STDLIB_H 1
| #define HAVE_STRING_H 1
| #define HAVE_MEMORY_H 1
| #define HAVE_STRINGS_H 1
| #define HAVE_INTTYPES_H 1
| #define HAVE_STDINT_H 1
| #define HAVE_UNISTD_H 1
| #define HAVE_STDDEF_H 1
| #define HAVE_STDINT_H 1
| #define HAVE_STDLIB_H 1
| #define HAVE_SYS_TIMEB_H 1
| #define HAVE_PTRDIFF_T 1
| #define HAVE_STDLIB_H 1
| #define HAVE_MALLOC 1
| #define HAVE_STDLIB_H 1
| #define HAVE_REALLOC 1
| #define HAVE_CEIL 1
| #define HAVE_FLOOR 1
| #define HAVE_FTIME 1
| #define HAVE_MEMSET 1
| #define HAVE_POW 1
| #define HAVE_SQRT 1
| #define HAVE_STRCASECMP 1
| #define HAVE_STRNCASECMP 1
| #define HAVE_STRSTR 1
| #define HAVE_STRTOL 1
| #define HAVE_ZLIB_H 1
| #define HAVE_LIBZ 1
| /* end confdefs.h.  */
| 
| 
| int
| main (void)
| {
| return main ();
|   ;
|   return 0;
| }
configure:5247: result: no
configure:5258: checking for main in -lboost_thread-mt
configure:5277: g++ -o conftest.exe -g -O2   conftest.cpp -lboost_thread-mt  -lz  -lxml2 -lws2_32 -lwsock32 -liphlpapi >&5
configure:5277: $? = 0
configure:5286: result: yes
configure:5347: checking for main in -lboost_regex-gcc-mt
configure:5366: g++ -o conftest.exe -g -O2   conftest.cpp -lboost_regex-gcc-mt  -lboost_thread-mt -lz  -lxml2 -lws2_32 -lwsock32 -liphlpapi >&5
C:/msys64/mingw64/bin/../lib/gcc/x86_64-w64-mingw32/16.1.0/../../../../x86_64-w64-mingw32/bin/ld.exe: cannot find -lboost_regex-gcc-mt: No such file or directory
collect2.exe: error: ld returned 1 exit status
configure:5366: $? = 1
configure: failed program was:
| /* confdefs.h */
| #define PACKAGE_NAME "TheForgottenServer"
| #define PACKAGE_TARNAME "theforgottenserver"
| #define PACKAGE_VERSION "0.4"
| #define PACKAGE_STRING "TheForgottenServer 0.4"
| #define PACKAGE_BUGREPORT ""
| #define PACKAGE_URL ""
| #define PACKAGE "theforgottenserver"
| #define VERSION "0.4"
| #define STDC_HEADERS 1
| #define HAVE_SYS_TYPES_H 1
| #define HAVE_SYS_STAT_H 1
| #define HAVE_STDLIB_H 1
| #define HAVE_STRING_H 1
| #define HAVE_MEMORY_H 1
| #define HAVE_STRINGS_H 1
| #define HAVE_INTTYPES_H 1
| #define HAVE_STDINT_H 1
| #define HAVE_UNISTD_H 1
| #define HAVE_STDDEF_H 1
| #define HAVE_STDINT_H 1
| #define HAVE_STDLIB_H 1
| #define HAVE_SYS_TIMEB_H 1
| #define HAVE_PTRDIFF_T 1
| #define HAVE_STDLIB_H 1
| #define HAVE_MALLOC 1
| #define HAVE_STDLIB_H 1
| #define HAVE_REALLOC 1
| #define HAVE_CEIL 1
| #define HAVE_FLOOR 1
| #define HAVE_FTIME 1
| #define HAVE_MEMSET 1
| #define HAVE_POW 1
| #define HAVE_SQRT 1
| #define HAVE_STRCASECMP 1
| #define HAVE_STRNCASECMP 1
| #define HAVE_STRSTR 1
| #define HAVE_STRTOL 1
| #define HAVE_ZLIB_H 1
| #define HAVE_LIBZ 1
| #define HAVE_LIBBOOST_THREAD_MT 1
| /* end confdefs.h.  */
| 
| 
| int
| main (void)
| {
| return main ();
|   ;
|   return 0;
| }
configure:5375: result: no
configure:5386: checking for main in -lboost_regex-mt
configure:5405: g++ -o conftest.exe -g -O2   conftest.cpp -lboost_regex-mt  -lboost_thread-mt -lz  -lxml2 -lws2_32 -lwsock32 -liphlpapi >&5
C:/msys64/mingw64/bin/../lib/gcc/x86_64-w64-mingw32/16.1.0/../../../../x86_64-w64-mingw32/bin/ld.exe: cannot find -lboost_regex-mt: No such file or directory
collect2.exe: error: ld returned 1 exit status
configure:5405: $? = 1
configure: failed program was:
| /* confdefs.h */
| #define PACKAGE_NAME "TheForgottenServer"
| #define PACKAGE_TARNAME "theforgottenserver"
| #define PACKAGE_VERSION "0.4"
| #define PACKAGE_STRING "TheForgottenServer 0.4"
| #define PACKAGE_BUGREPORT ""
| #define PACKAGE_URL ""
| #define PACKAGE "theforgottenserver"
| #define VERSION "0.4"
| #define STDC_HEADERS 1
| #define HAVE_SYS_TYPES_H 1
| #define HAVE_SYS_STAT_H 1
| #define HAVE_STDLIB_H 1
| #define HAVE_STRING_H 1
| #define HAVE_MEMORY_H 1
| #define HAVE_STRINGS_H 1
| #define HAVE_INTTYPES_H 1
| #define HAVE_STDINT_H 1
| #define HAVE_UNISTD_H 1
| #define HAVE_STDDEF_H 1
| #define HAVE_STDINT_H 1
| #define HAVE_STDLIB_H 1
| #define HAVE_SYS_TIMEB_H 1
| #define HAVE_PTRDIFF_T 1
| #define HAVE_STDLIB_H 1
| #define HAVE_MALLOC 1
| #define HAVE_STDLIB_H 1
| #define HAVE_REALLOC 1
| #define HAVE_CEIL 1
| #define HAVE_FLOOR 1
| #define HAVE_FTIME 1
| #define HAVE_MEMSET 1
| #define HAVE_POW 1
| #define HAVE_SQRT 1
| #define HAVE_STRCASECMP 1
| #define HAVE_STRNCASECMP 1
| #define HAVE_STRSTR 1
| #define HAVE_STRTOL 1
| #define HAVE_ZLIB_H 1
| #define HAVE_LIBZ 1
| #define HAVE_LIBBOOST_THREAD_MT 1
| /* end confdefs.h.  */
| 
| 
| int
| main (void)
| {
| return main ();
|   ;
|   return 0;
| }
configure:5414: result: no
configure:5425: checking for main in -lboost_regex
configure:5444: g++ -o conftest.exe -g -O2   conftest.cpp -lboost_regex  -lboost_thread-mt -lz  -lxml2 -lws2_32 -lwsock32 -liphlpapi >&5
C:/msys64/mingw64/bin/../lib/gcc/x86_64-w64-mingw32/16.1.0/../../../../x86_64-w64-mingw32/bin/ld.exe: cannot find -lboost_regex: No such file or directory
collect2.exe: error: ld returned 1 exit status
configure:5444: $? = 1
configure: failed program was:
| /* confdefs.h */
| #define PACKAGE_NAME "TheForgottenServer"
| #define PACKAGE_TARNAME "theforgottenserver"
| #define PACKAGE_VERSION "0.4"
| #define PACKAGE_STRING "TheForgottenServer 0.4"
| #define PACKAGE_BUGREPORT ""
| #define PACKAGE_URL ""
| #define PACKAGE "theforgottenserver"
| #define VERSION "0.4"
| #define STDC_HEADERS 1
| #define HAVE_SYS_TYPES_H 1
| #define HAVE_SYS_STAT_H 1
| #define HAVE_STDLIB_H 1
| #define HAVE_STRING_H 1
| #define HAVE_MEMORY_H 1
| #define HAVE_STRINGS_H 1
| #define HAVE_INTTYPES_H 1
| #define HAVE_STDINT_H 1
| #define HAVE_UNISTD_H 1
| #define HAVE_STDDEF_H 1
| #define HAVE_STDINT_H 1
| #define HAVE_STDLIB_H 1
| #define HAVE_SYS_TIMEB_H 1
| #define HAVE_PTRDIFF_T 1
| #define HAVE_STDLIB_H 1
| #define HAVE_MALLOC 1
| #define HAVE_STDLIB_H 1
| #define HAVE_REALLOC 1
| #define HAVE_CEIL 1
| #define HAVE_FLOOR 1
| #define HAVE_FTIME 1
| #define HAVE_MEMSET 1
| #define HAVE_POW 1
| #define HAVE_SQRT 1
| #define HAVE_STRCASECMP 1
| #define HAVE_STRNCASECMP 1
| #define HAVE_STRSTR 1
| #define HAVE_STRTOL 1
| #define HAVE_ZLIB_H 1
| #define HAVE_LIBZ 1
| #define HAVE_LIBBOOST_THREAD_MT 1
| /* end confdefs.h.  */
| 
| 
| int
| main (void)
| {
| return main ();
|   ;
|   return 0;
| }
configure:5453: result: no
configure:5464: WARNING: "Linking against boost::regex failed
configure:5477: checking for main in -lboost_system-gcc-mt
configure:5496: g++ -o conftest.exe -g -O2   conftest.cpp -lboost_system-gcc-mt  -lboost_thread-mt -lz  -lxml2 -lws2_32 -lwsock32 -liphlpapi >&5
C:/msys64/mingw64/bin/../lib/gcc/x86_64-w64-mingw32/16.1.0/../../../../x86_64-w64-mingw32/bin/ld.exe: cannot find -lboost_system-gcc-mt: No such file or directory
collect2.exe: error: ld returned 1 exit status
configure:5496: $? = 1
configure: failed program was:
| /* confdefs.h */
| #define PACKAGE_NAME "TheForgottenServer"
| #define PACKAGE_TARNAME "theforgottenserver"
| #define PACKAGE_VERSION "0.4"
| #define PACKAGE_STRING "TheForgottenServer 0.4"
| #define PACKAGE_BUGREPORT ""
| #define PACKAGE_URL ""
| #define PACKAGE "theforgottenserver"
| #define VERSION "0.4"
| #define STDC_HEADERS 1
| #define HAVE_SYS_TYPES_H 1
| #define HAVE_SYS_STAT_H 1
| #define HAVE_STDLIB_H 1
| #define HAVE_STRING_H 1
| #define HAVE_MEMORY_H 1
| #define HAVE_STRINGS_H 1
| #define HAVE_INTTYPES_H 1
| #define HAVE_STDINT_H 1
| #define HAVE_UNISTD_H 1
| #define HAVE_STDDEF_H 1
| #define HAVE_STDINT_H 1
| #define HAVE_STDLIB_H 1
| #define HAVE_SYS_TIMEB_H 1
| #define HAVE_PTRDIFF_T 1
| #define HAVE_STDLIB_H 1
| #define HAVE_MALLOC 1
| #define HAVE_STDLIB_H 1
| #define HAVE_REALLOC 1
| #define HAVE_CEIL 1
| #define HAVE_FLOOR 1
| #define HAVE_FTIME 1
| #define HAVE_MEMSET 1
| #define HAVE_POW 1
| #define HAVE_SQRT 1
| #define HAVE_STRCASECMP 1
| #define HAVE_STRNCASECMP 1
| #define HAVE_STRSTR 1
| #define HAVE_STRTOL 1
| #define HAVE_ZLIB_H 1
| #define HAVE_LIBZ 1
| #define HAVE_LIBBOOST_THREAD_MT 1
| /* end confdefs.h.  */
| 
| 
| int
| main (void)
| {
| return main ();
|   ;
|   return 0;
| }
configure:5505: result: no
configure:5516: checking for main in -lboost_system-mt
configure:5535: g++ -o conftest.exe -g -O2   conftest.cpp -lboost_system-mt  -lboost_thread-mt -lz  -lxml2 -lws2_32 -lwsock32 -liphlpapi >&5
C:/msys64/mingw64/bin/../lib/gcc/x86_64-w64-mingw32/16.1.0/../../../../x86_64-w64-mingw32/bin/ld.exe: cannot find -lboost_system-mt: No such file or directory
collect2.exe: error: ld returned 1 exit status
configure:5535: $? = 1
configure: failed program was:
| /* confdefs.h */
| #define PACKAGE_NAME "TheForgottenServer"
| #define PACKAGE_TARNAME "theforgottenserver"
| #define PACKAGE_VERSION "0.4"
| #define PACKAGE_STRING "TheForgottenServer 0.4"
| #define PACKAGE_BUGREPORT ""
| #define PACKAGE_URL ""
| #define PACKAGE "theforgottenserver"
| #define VERSION "0.4"
| #define STDC_HEADERS 1
| #define HAVE_SYS_TYPES_H 1
| #define HAVE_SYS_STAT_H 1
| #define HAVE_STDLIB_H 1
| #define HAVE_STRING_H 1
| #define HAVE_MEMORY_H 1
| #define HAVE_STRINGS_H 1
| #define HAVE_INTTYPES_H 1
| #define HAVE_STDINT_H 1
| #define HAVE_UNISTD_H 1
| #define HAVE_STDDEF_H 1
| #define HAVE_STDINT_H 1
| #define HAVE_STDLIB_H 1
| #define HAVE_SYS_TIMEB_H 1
| #define HAVE_PTRDIFF_T 1
| #define HAVE_STDLIB_H 1
| #define HAVE_MALLOC 1
| #define HAVE_STDLIB_H 1
| #define HAVE_REALLOC 1
| #define HAVE_CEIL 1
| #define HAVE_FLOOR 1
| #define HAVE_FTIME 1
| #define HAVE_MEMSET 1
| #define HAVE_POW 1
| #define HAVE_SQRT 1
| #define HAVE_STRCASECMP 1
| #define HAVE_STRNCASECMP 1
| #define HAVE_STRSTR 1
| #define HAVE_STRTOL 1
| #define HAVE_ZLIB_H 1
| #define HAVE_LIBZ 1
| #define HAVE_LIBBOOST_THREAD_MT 1
| /* end confdefs.h.  */
| 
| 
| int
| main (void)
| {
| return main ();
|   ;
|   return 0;
| }
configure:5544: result: no
configure:5555: checking for main in -lboost_system
configure:5574: g++ -o conftest.exe -g -O2   conftest.cpp -lboost_system  -lboost_thread-mt -lz  -lxml2 -lws2_32 -lwsock32 -liphlpapi >&5
C:/msys64/mingw64/bin/../lib/gcc/x86_64-w64-mingw32/16.1.0/../../../../x86_64-w64-mingw32/bin/ld.exe: cannot find -lboost_system: No such file or directory
collect2.exe: error: ld returned 1 exit status
configure:5574: $? = 1
configure: failed program was:
| /* confdefs.h */
| #define PACKAGE_NAME "TheForgottenServer"
| #define PACKAGE_TARNAME "theforgottenserver"
| #define PACKAGE_VERSION "0.4"
| #define PACKAGE_STRING "TheForgottenServer 0.4"
| #define PACKAGE_BUGREPORT ""
| #define PACKAGE_URL ""
| #define PACKAGE "theforgottenserver"
| #define VERSION "0.4"
| #define STDC_HEADERS 1
| #define HAVE_SYS_TYPES_H 1
| #define HAVE_SYS_STAT_H 1
| #define HAVE_STDLIB_H 1
| #define HAVE_STRING_H 1
| #define HAVE_MEMORY_H 1
| #define HAVE_STRINGS_H 1
| #define HAVE_INTTYPES_H 1
| #define HAVE_STDINT_H 1
| #define HAVE_UNISTD_H 1
| #define HAVE_STDDEF_H 1
| #define HAVE_STDINT_H 1
| #define HAVE_STDLIB_H 1
| #define HAVE_SYS_TIMEB_H 1
| #define HAVE_PTRDIFF_T 1
| #define HAVE_STDLIB_H 1
| #define HAVE_MALLOC 1
| #define HAVE_STDLIB_H 1
| #define HAVE_REALLOC 1
| #define HAVE_CEIL 1
| #define HAVE_FLOOR 1
| #define HAVE_FTIME 1
| #define HAVE_MEMSET 1
| #define HAVE_POW 1
| #define HAVE_SQRT 1
| #define HAVE_STRCASECMP 1
| #define HAVE_STRNCASECMP 1
| #define HAVE_STRSTR 1
| #define HAVE_STRTOL 1
| #define HAVE_ZLIB_H 1
| #define HAVE_LIBZ 1
| #define HAVE_LIBBOOST_THREAD_MT 1
| /* end confdefs.h.  */
| 
| 
| int
| main (void)
| {
| return main ();
|   ;
|   return 0;
| }
configure:5583: result: no
configure:5594: WARNING: "Linking against boost::system failed
configure:5606: checking for main in -lboost_date_time-gcc-mt
configure:5625: g++ -o conftest.exe -g -O2   conftest.cpp -lboost_date_time-gcc-mt  -lboost_thread-mt -lz  -lxml2 -lws2_32 -lwsock32 -liphlpapi >&5
C:/msys64/mingw64/bin/../lib/gcc/x86_64-w64-mingw32/16.1.0/../../../../x86_64-w64-mingw32/bin/ld.exe: cannot find -lboost_date_time-gcc-mt: No such file or directory
collect2.exe: error: ld returned 1 exit status
configure:5625: $? = 1
configure: failed program was:
| /* confdefs.h */
| #define PACKAGE_NAME "TheForgottenServer"
| #define PACKAGE_TARNAME "theforgottenserver"
| #define PACKAGE_VERSION "0.4"
| #define PACKAGE_STRING "TheForgottenServer 0.4"
| #define PACKAGE_BUGREPORT ""
| #define PACKAGE_URL ""
| #define PACKAGE "theforgottenserver"
| #define VERSION "0.4"
| #define STDC_HEADERS 1
| #define HAVE_SYS_TYPES_H 1
| #define HAVE_SYS_STAT_H 1
| #define HAVE_STDLIB_H 1
| #define HAVE_STRING_H 1
| #define HAVE_MEMORY_H 1
| #define HAVE_STRINGS_H 1
| #define HAVE_INTTYPES_H 1
| #define HAVE_STDINT_H 1
| #define HAVE_UNISTD_H 1
| #define HAVE_STDDEF_H 1
| #define HAVE_STDINT_H 1
| #define HAVE_STDLIB_H 1
| #define HAVE_SYS_TIMEB_H 1
| #define HAVE_PTRDIFF_T 1
| #define HAVE_STDLIB_H 1
| #define HAVE_MALLOC 1
| #define HAVE_STDLIB_H 1
| #define HAVE_REALLOC 1
| #define HAVE_CEIL 1
| #define HAVE_FLOOR 1
| #define HAVE_FTIME 1
| #define HAVE_MEMSET 1
| #define HAVE_POW 1
| #define HAVE_SQRT 1
| #define HAVE_STRCASECMP 1
| #define HAVE_STRNCASECMP 1
| #define HAVE_STRSTR 1
| #define HAVE_STRTOL 1
| #define HAVE_ZLIB_H 1
| #define HAVE_LIBZ 1
| #define HAVE_LIBBOOST_THREAD_MT 1
| /* end confdefs.h.  */
| 
| 
| int
| main (void)
| {
| return main ();
|   ;
|   return 0;
| }
configure:5634: result: no
configure:5645: checking for main in -lboost_date_time-mt
configure:5664: g++ -o conftest.exe -g -O2   conftest.cpp -lboost_date_time-mt  -lboost_thread-mt -lz  -lxml2 -lws2_32 -lwsock32 -liphlpapi >&5
configure:5664: $? = 0
configure:5673: result: yes
configure:5734: checking for main in -lboost_filesystem-gcc-mt
configure:5753: g++ -o conftest.exe -g -O2   conftest.cpp -lboost_filesystem-gcc-mt  -lboost_date_time-mt -lboost_thread-mt -lz  -lxml2 -lws2_32 -lwsock32 -liphlpapi >&5
C:/msys64/mingw64/bin/../lib/gcc/x86_64-w64-mingw32/16.1.0/../../../../x86_64-w64-mingw32/bin/ld.exe: cannot find -lboost_filesystem-gcc-mt: No such file or directory
collect2.exe: error: ld returned 1 exit status
configure:5753: $? = 1
configure: failed program was:
| /* confdefs.h */
| #define PACKAGE_NAME "TheForgottenServer"
| #define PACKAGE_TARNAME "theforgottenserver"
| #define PACKAGE_VERSION "0.4"
| #define PACKAGE_STRING "TheForgottenServer 0.4"
| #define PACKAGE_BUGREPORT ""
| #define PACKAGE_URL ""
| #define PACKAGE "theforgottenserver"
| #define VERSION "0.4"
| #define STDC_HEADERS 1
| #define HAVE_SYS_TYPES_H 1
| #define HAVE_SYS_STAT_H 1
| #define HAVE_STDLIB_H 1
| #define HAVE_STRING_H 1
| #define HAVE_MEMORY_H 1
| #define HAVE_STRINGS_H 1
| #define HAVE_INTTYPES_H 1
| #define HAVE_STDINT_H 1
| #define HAVE_UNISTD_H 1
| #define HAVE_STDDEF_H 1
| #define HAVE_STDINT_H 1
| #define HAVE_STDLIB_H 1
| #define HAVE_SYS_TIMEB_H 1
| #define HAVE_PTRDIFF_T 1
| #define HAVE_STDLIB_H 1
| #define HAVE_MALLOC 1
| #define HAVE_STDLIB_H 1
| #define HAVE_REALLOC 1
| #define HAVE_CEIL 1
| #define HAVE_FLOOR 1
| #define HAVE_FTIME 1
| #define HAVE_MEMSET 1
| #define HAVE_POW 1
| #define HAVE_SQRT 1
| #define HAVE_STRCASECMP 1
| #define HAVE_STRNCASECMP 1
| #define HAVE_STRSTR 1
| #define HAVE_STRTOL 1
| #define HAVE_ZLIB_H 1
| #define HAVE_LIBZ 1
| #define HAVE_LIBBOOST_THREAD_MT 1
| #define HAVE_LIBBOOST_DATE_TIME_MT 1
| /* end confdefs.h.  */
| 
| 
| int
| main (void)
| {
| return main ();
|   ;
|   return 0;
| }
configure:5762: result: no
configure:5773: checking for main in -lboost_filesystem-mt
configure:5792: g++ -o conftest.exe -g -O2   conftest.cpp -lboost_filesystem-mt  -lboost_date_time-mt -lboost_thread-mt -lz  -lxml2 -lws2_32 -lwsock32 -liphlpapi >&5
configure:5792: $? = 0
configure:5801: result: yes
configure:5865: checking unordered_set usability
configure:5865: g++ -c -g -O2  conftest.cpp >&5
configure:5865: $? = 0
configure:5865: result: yes
configure:5865: checking unordered_set presence
configure:5865: g++ -E  conftest.cpp
configure:5865: $? = 0
configure:5865: result: yes
configure:5865: checking for unordered_set
configure:5865: result: yes
configure:5882: checking cryptopp/sha.h usability
configure:5882: g++ -c -g -O2  conftest.cpp >&5
configure:5882: $? = 0
configure:5882: result: yes
configure:5882: checking cryptopp/sha.h presence
configure:5882: g++ -E  conftest.cpp
configure:5882: $? = 0
configure:5882: result: yes
configure:5882: checking for cryptopp/sha.h
configure:5882: result: yes
configure:5882: checking cryptopp/md5.h usability
configure:5882: g++ -c -g -O2  conftest.cpp >&5
In file included from conftest.cpp:80:
C:/msys64/mingw64/include/cryptopp/md5.h:27:2: warning: #warning "You may be using a weak algorithm that has been retained for backwards compatibility. Please '#define CRYPTOPP_ENABLE_NAMESPACE_WEAK 1' before including this .h file and prepend the class name with 'Weak::' to remove this warning." [-Wcpp]
   27 | #warning "You may be using a weak algorithm that has been retained for backwards compatibility. Please '#define CRYPTOPP_ENABLE_NAMESPACE_WEAK 1' before including this .h file and prepend the class name with 'Weak::' to remove this warning."
      |  ^~~~~~~
configure:5882: $? = 0
configure:5882: result: yes
configure:5882: checking cryptopp/md5.h presence
configure:5882: g++ -E  conftest.cpp
In file included from conftest.cpp:47:
C:/msys64/mingw64/include/cryptopp/md5.h:27:2: warning: #warning "You may be using a weak algorithm that has been retained for backwards compatibility. Please '#define CRYPTOPP_ENABLE_NAMESPACE_WEAK 1' before including this .h file and prepend the class name with 'Weak::' to remove this warning." [-Wcpp]
   27 | #warning "You may be using a weak algorithm that has been retained for backwards compatibility. Please '#define CRYPTOPP_ENABLE_NAMESPACE_WEAK 1' before including this .h file and prepend the class name with 'Weak::' to remove this warning."
      |  ^~~~~~~
configure:5882: $? = 0
configure:5882: result: yes
configure:5882: checking for cryptopp/md5.h
configure:5882: result: yes
configure:5882: checking cryptopp/adler32.h usability
configure:5882: g++ -c -g -O2  conftest.cpp >&5
configure:5882: $? = 0
configure:5882: result: yes
configure:5882: checking cryptopp/adler32.h presence
configure:5882: g++ -E  conftest.cpp
configure:5882: $? = 0
configure:5882: result: yes
configure:5882: checking for cryptopp/adler32.h
configure:5882: result: yes
configure:5882: checking cryptopp/hex.h usability
configure:5882: g++ -c -g -O2  conftest.cpp >&5
configure:5882: $? = 0
configure:5882: result: yes
configure:5882: checking cryptopp/hex.h presence
configure:5882: g++ -E  conftest.cpp
configure:5882: $? = 0
configure:5882: result: yes
configure:5882: checking for cryptopp/hex.h
configure:5882: result: yes
configure:5882: checking cryptopp/base64.h usability
configure:5882: g++ -c -g -O2  conftest.cpp >&5
configure:5882: $? = 0
configure:5882: result: yes
configure:5882: checking cryptopp/base64.h presence
configure:5882: g++ -E  conftest.cpp
configure:5882: $? = 0
configure:5882: result: yes
configure:5882: checking for cryptopp/base64.h
configure:5882: result: yes
configure:5882: checking cryptopp/hmac.h usability
configure:5882: g++ -c -g -O2  conftest.cpp >&5
configure:5882: $? = 0
configure:5882: result: yes
configure:5882: checking cryptopp/hmac.h presence
configure:5882: g++ -E  conftest.cpp
configure:5882: $? = 0
configure:5882: result: yes
configure:5882: checking for cryptopp/hmac.h
configure:5882: result: yes
configure:5882: checking cryptopp/cryptlib.h usability
configure:5882: g++ -c -g -O2  conftest.cpp >&5
configure:5882: $? = 0
configure:5882: result: yes
configure:5882: checking cryptopp/cryptlib.h presence
configure:5882: g++ -E  conftest.cpp
configure:5882: $? = 0
configure:5882: result: yes
configure:5882: checking for cryptopp/cryptlib.h
configure:5882: result: yes
configure:5894: checking for main in -lcryptopp
configure:5913: g++ -o conftest.exe -g -O2   conftest.cpp -lcryptopp  -lboost_filesystem-mt -lboost_date_time-mt -lboost_thread-mt -lz  -lxml2 -lws2_32 -lwsock32 -liphlpapi >&5
configure:5913: $? = 0
configure:5922: result: yes
configure:5940: checking openssl/rsa.h usability
configure:5940: g++ -c -g -O2  conftest.cpp >&5
configure:5940: $? = 0
configure:5940: result: yes
configure:5940: checking openssl/rsa.h presence
configure:5940: g++ -E  conftest.cpp
configure:5940: $? = 0
configure:5940: result: yes
configure:5940: checking for openssl/rsa.h
configure:5940: result: yes
configure:5940: checking openssl/bn.h usability
configure:5940: g++ -c -g -O2  conftest.cpp >&5
configure:5940: $? = 0
configure:5940: result: yes
configure:5940: checking openssl/bn.h presence
configure:5940: g++ -E  conftest.cpp
configure:5940: $? = 0
configure:5940: result: yes
configure:5940: checking for openssl/bn.h
configure:5940: result: yes
configure:5940: checking openssl/err.h usability
configure:5940: g++ -c -g -O2  conftest.cpp >&5
configure:5940: $? = 0
configure:5940: result: yes
configure:5940: checking openssl/err.h presence
configure:5940: g++ -E  conftest.cpp
configure:5940: $? = 0
configure:5940: result: yes
configure:5940: checking for openssl/err.h
configure:5940: result: yes
configure:5952: checking for main in -lcrypto
configure:5971: g++ -o conftest.exe -g -O2   conftest.cpp -lcrypto  -lcryptopp -lboost_filesystem-mt -lboost_date_time-mt -lboost_thread-mt -lz  -lxml2 -lws2_32 -lwsock32 -liphlpapi >&5
configure:5971: $? = 0
configure:5980: result: yes
configure:6183: checking for lua5.1 >= 5.1
configure:6190: $PKG_CONFIG --exists --print-errors "lua5.1 >= 5.1"
configure:6193: $? = 0
configure:6207: $PKG_CONFIG --exists --print-errors "lua5.1 >= 5.1"
configure:6210: $? = 0
configure:6360: result: yes
configure:6372: checking mysql/mysql.h usability
configure:6372: g++ -c -g -O2  conftest.cpp >&5
configure:6372: $? = 0
configure:6372: result: yes
configure:6372: checking mysql/mysql.h presence
configure:6372: g++ -E  conftest.cpp
configure:6372: $? = 0
configure:6372: result: yes
configure:6372: checking for mysql/mysql.h
configure:6372: result: yes
configure:6384: checking for main in -lmysqlclient
configure:6403: g++ -o conftest.exe -g -O2   conftest.cpp -lmysqlclient  -lcrypto -lcryptopp -lboost_filesystem-mt -lboost_date_time-mt -lboost_thread-mt -lz  -lxml2 -lws2_32 -lwsock32 -liphlpapi >&5
configure:6403: $? = 0
configure:6412: result: yes
configure:6493: checking sqlite3.h usability
configure:6493: g++ -c -g -O2  conftest.cpp >&5
configure:6493: $? = 0
configure:6493: result: yes
configure:6493: checking sqlite3.h presence
configure:6493: g++ -E  conftest.cpp
configure:6493: $? = 0
configure:6493: result: yes
configure:6493: checking for sqlite3.h
configure:6493: result: yes
configure:6505: checking for main in -lsqlite3
configure:6524: g++ -o conftest.exe -g -O2   conftest.cpp -lsqlite3  -lmysqlclient -lcrypto -lcryptopp -lboost_filesystem-mt -lboost_date_time-mt -lboost_thread-mt -lz  -lxml2 -lws2_32 -lwsock32 -liphlpapi >&5
configure:6524: $? = 0
configure:6533: result: yes
configure:6679: checking that generated files are newer than configure
configure:6685: result: done
configure:6752: creating ./config.status

## ---------------------- ##
## Running config.status. ##
## ---------------------- ##

This file was extended by TheForgottenServer config.status 0.4, which was
generated by GNU Autoconf 2.69.  Invocation command line was

  CONFIG_FILES    = 
  CONFIG_HEADERS  = 
  CONFIG_LINKS    = 
  CONFIG_COMMANDS = 
  $ ./config.status 

on allan

config.status:920: creating Makefile
config.status:920: creating config.h
config.status:1101: config.h is unchanged
config.status:1149: executing depfiles commands

## ---------------- ##
## Cache variables. ##
## ---------------- ##

ac_cv_c_const=yes
ac_cv_c_inline=inline
ac_cv_c_int16_t=yes
ac_cv_c_int32_t=yes
ac_cv_c_int64_t=yes
ac_cv_c_uint16_t=yes
ac_cv_c_uint32_t=yes
ac_cv_c_uint64_t=yes
ac_cv_c_uint8_t=yes
ac_cv_cxx_compiler_gnu=yes
ac_cv_env_CCC_set=
ac_cv_env_CCC_value=
ac_cv_env_CPPFLAGS_set=
ac_cv_env_CPPFLAGS_value=
ac_cv_env_CXXCPP_set=
ac_cv_env_CXXCPP_value=
ac_cv_env_CXXFLAGS_set=
ac_cv_env_CXXFLAGS_value=
ac_cv_env_CXX_set=
ac_cv_env_CXX_value=
ac_cv_env_LDFLAGS_set=
ac_cv_env_LDFLAGS_value=
ac_cv_env_LIBS_set=
ac_cv_env_LIBS_value=
ac_cv_env_LUA_CFLAGS_set=
ac_cv_env_LUA_CFLAGS_value=
ac_cv_env_LUA_LIBS_set=
ac_cv_env_LUA_LIBS_value=
ac_cv_env_PKG_CONFIG_LIBDIR_set=
ac_cv_env_PKG_CONFIG_LIBDIR_value=
ac_cv_env_PKG_CONFIG_PATH_set=set
ac_cv_env_PKG_CONFIG_PATH_value=/mingw64/lib/pkgconfig:/mingw64/share/pkgconfig
ac_cv_env_PKG_CONFIG_set=
ac_cv_env_PKG_CONFIG_value=
ac_cv_env_XML_CFLAGS_set=
ac_cv_env_XML_CFLAGS_value=
ac_cv_env_XML_LIBS_set=
ac_cv_env_XML_LIBS_value=
ac_cv_env_build_alias_set=
ac_cv_env_build_alias_value=
ac_cv_env_host_alias_set=
ac_cv_env_host_alias_value=
ac_cv_env_target_alias_set=
ac_cv_env_target_alias_value=
ac_cv_exeext=.exe
ac_cv_func_ceil=yes
ac_cv_func_floor=yes
ac_cv_func_ftime=yes
ac_cv_func_gethostbyname=no
ac_cv_func_gethostname=no
ac_cv_func_malloc_0_nonnull=yes
ac_cv_func_memcmp_working=yes
ac_cv_func_memset=yes
ac_cv_func_pow=yes
ac_cv_func_realloc_0_nonnull=yes
ac_cv_func_sqrt=yes
ac_cv_func_strcasecmp=yes
ac_cv_func_strncasecmp=yes
ac_cv_func_strstr=yes
ac_cv_func_strtol=yes
ac_cv_header_arpa_inet_h=no
ac_cv_header_cryptopp_adler32_h=yes
ac_cv_header_cryptopp_base64_h=yes
ac_cv_header_cryptopp_cryptlib_h=yes
ac_cv_header_cryptopp_hex_h=yes
ac_cv_header_cryptopp_hmac_h=yes
ac_cv_header_cryptopp_md5_h=yes
ac_cv_header_cryptopp_sha_h=yes
ac_cv_header_inttypes_h=yes
ac_cv_header_memory_h=yes
ac_cv_header_mysql_mysql_h=yes
ac_cv_header_netdb_h=no
ac_cv_header_netinet_in_h=no
ac_cv_header_openssl_bn_h=yes
ac_cv_header_openssl_err_h=yes
ac_cv_header_openssl_rsa_h=yes
ac_cv_header_sqlite3_h=yes
ac_cv_header_stdbool_h=no
ac_cv_header_stdc=yes
ac_cv_header_stddef_h=yes
ac_cv_header_stdint_h=yes
ac_cv_header_stdlib_h=yes
ac_cv_header_string_h=yes
ac_cv_header_strings_h=yes
ac_cv_header_sys_socket_h=no
ac_cv_header_sys_stat_h=yes
ac_cv_header_sys_timeb_h=yes
ac_cv_header_sys_types_h=yes
ac_cv_header_unistd_h=yes
ac_cv_header_unordered_set=yes
ac_cv_header_zlib_h=yes
ac_cv_lib_boost_date_time_gcc_mt_main=no
ac_cv_lib_boost_date_time_mt_main=yes
ac_cv_lib_boost_filesystem_gcc_mt_main=no
ac_cv_lib_boost_filesystem_mt_main=yes
ac_cv_lib_boost_regex_gcc_mt_main=no
ac_cv_lib_boost_regex_main=no
ac_cv_lib_boost_regex_mt_main=no
ac_cv_lib_boost_system_gcc_mt_main=no
ac_cv_lib_boost_system_main=no
ac_cv_lib_boost_system_mt_main=no
ac_cv_lib_boost_thread_gcc_mt_main=no
ac_cv_lib_boost_thread_mt_main=yes
ac_cv_lib_crypto_main=yes
ac_cv_lib_cryptopp_main=yes
ac_cv_lib_mysqlclient_main=yes
ac_cv_lib_sqlite3_main=yes
ac_cv_lib_ws2_32_main=yes
ac_cv_lib_z_main=yes
ac_cv_objext=o
ac_cv_path_EGREP='/usr/bin/grep -E'
ac_cv_path_GREP=/usr/bin/grep
ac_cv_path_ac_pt_PKG_CONFIG=/mingw64/bin/pkg-config
ac_cv_path_install='/usr/bin/install -c'
ac_cv_path_mkdir=/usr/bin/mkdir
ac_cv_prog_AWK=gawk
ac_cv_prog_CXXCPP='g++ -E'
ac_cv_prog_ac_ct_CXX=g++
ac_cv_prog_cxx_g=yes
ac_cv_prog_make_make_set=yes
ac_cv_struct_tm=time.h
ac_cv_type__Bool=no
ac_cv_type_ptrdiff_t=yes
ac_cv_type_size_t=yes
am_cv_CXX_dependencies_compiler_type=gcc3
am_cv_make_support_nested_variables=yes
pkg_cv_LUA_CFLAGS=-IC:/msys64/mingw64/include/lua5.1
pkg_cv_LUA_LIBS='-llua5.1 -lm'
pkg_cv_XML_CFLAGS=-IC:/msys64/mingw64/include/libxml2
pkg_cv_XML_LIBS=-lxml2

## ----------------- ##
## Output variables. ##
## ----------------- ##

ACLOCAL='${SHELL} /c/Users/allan/OneDrive/Desktop/Project/source/missing aclocal-1.14'
AMDEPBACKSLASH='\'
AMDEP_FALSE='#'
AMDEP_TRUE=''
AMTAR='$${TAR-tar}'
AM_BACKSLASH='\'
AM_DEFAULT_V='$(AM_DEFAULT_VERBOSITY)'
AM_DEFAULT_VERBOSITY='1'
AM_V='$(V)'
AUTOCONF='${SHELL} /c/Users/allan/OneDrive/Desktop/Project/source/missing autoconf'
AUTOHEADER='${SHELL} /c/Users/allan/OneDrive/Desktop/Project/source/missing autoheader'
AUTOMAKE='${SHELL} /c/Users/allan/OneDrive/Desktop/Project/source/missing automake-1.14'
AWK='gawk'
CPPFLAGS=''
CXX='g++'
CXXCPP='g++ -E'
CXXDEPMODE='depmode=gcc3'
CXXFLAGS='-g -O2'
CYGPATH_W='cygpath -w'
DEBUG_FLAGS='-O2 -fomit-frame-pointer'
DEFS='-DHAVE_CONFIG_H'
DEPDIR='.deps'
ECHO_C=''
ECHO_N='-n'
ECHO_T=''
EGREP='/usr/bin/grep -E'
EXEEXT='.exe'
GREP='/usr/bin/grep'
INSTALL_DATA='${INSTALL} -m 644'
INSTALL_PROGRAM='${INSTALL}'
INSTALL_SCRIPT='${INSTALL}'
INSTALL_STRIP_PROGRAM='$(install_sh) -c -s'
LDFLAGS=''
LIBOBJS=''
LIBS='-lsqlite3 -lmysqlclient -lcrypto -lcryptopp -lboost_filesystem-mt -lboost_date_time-mt -lboost_thread-mt -lz  -lxml2 -lws2_32 -lwsock32 -liphlpapi'
LOGIN_SERVER_FALSE=''
LOGIN_SERVER_TRUE='#'
LTLIBOBJS=''
LUA_CFLAGS='-IC:/msys64/mingw64/include/lua5.1'
LUA_LIBS='-llua5.1 -lm'
MAKEINFO='${SHELL} /c/Users/allan/OneDrive/Desktop/Project/source/missing makeinfo'
MKDIR_P='/usr/bin/mkdir -p'
MYSQL_FLAGS='-D__USE_MYSQL__'
MYSQL_LIBS='-lmysqlclient'
OBJEXT='o'
OPTIONAL_FLAGS=' -DBOOST_REGEX_HEADER_ONLY'
OT_ADMIN_FALSE=''
OT_ADMIN_TRUE='#'
PACKAGE='theforgottenserver'
PACKAGE_BUGREPORT=''
PACKAGE_NAME='TheForgottenServer'
PACKAGE_STRING='TheForgottenServer 0.4'
PACKAGE_TARNAME='theforgottenserver'
PACKAGE_URL=''
PACKAGE_VERSION='0.4'
PATH_SEPARATOR=':'
PGSQL_FLAGS=''
PGSQL_LIBS=''
PKG_CONFIG='/mingw64/bin/pkg-config'
PKG_CONFIG_LIBDIR=''
PKG_CONFIG_PATH='/mingw64/lib/pkgconfig:/mingw64/share/pkgconfig'
PROFILER_FLAGS=''
SET_MAKE=''
SHELL='/bin/sh'
SQLITE_FLAGS='-D__USE_SQLITE__'
SQLITE_LIBS='-lsqlite3'
STRIP=''
USE_MYSQL_FALSE='#'
USE_MYSQL_TRUE=''
USE_PGSQL_FALSE=''
USE_PGSQL_TRUE='#'
USE_SQLITE_FALSE='#'
USE_SQLITE_TRUE=''
VERSION='0.4'
XML_CFLAGS='-IC:/msys64/mingw64/include/libxml2'
XML_CPPFLAGS='-IC:/msys64/mingw64/include/libxml2'
XML_LIBS='-lxml2'
ac_ct_CXX='g++'
am__EXEEXT_FALSE='#'
am__EXEEXT_TRUE=''
am__fastdepCXX_FALSE='#'
am__fastdepCXX_TRUE=''
am__include='include'
am__isrc=''
am__leading_dot='.'
am__nodep='_no'
am__quote=''
am__tar='$${TAR-tar} chof - "$$tardir"'
am__untar='$${TAR-tar} xf -'
bindir='${exec_prefix}/bin'
build_alias='x86_64-w64-mingw32'
datadir='${datarootdir}'
datarootdir='${prefix}/share'
docdir='${datarootdir}/doc/${PACKAGE_TARNAME}'
dvidir='${docdir}'
exec_prefix='${prefix}'
host_alias=''
htmldir='${docdir}'
includedir='${prefix}/include'
infodir='${datarootdir}/info'
install_sh='${SHELL} /c/Users/allan/OneDrive/Desktop/Project/source/install-sh'
libdir='${exec_prefix}/lib'
libexecdir='${exec_prefix}/libexec'
localedir='${datarootdir}/locale'
localstatedir='${prefix}/var'
mandir='${datarootdir}/man'
mkdir_p='$(MKDIR_P)'
oldincludedir='/usr/include'
pdfdir='${docdir}'
prefix='/mingw64'
program_transform_name='s,x,x,'
psdir='${docdir}'
sbindir='${exec_prefix}/sbin'
sharedstatedir='${prefix}/com'
sysconfdir='${prefix}/etc'
target_alias=''

## ----------- ##
## confdefs.h. ##
## ----------- ##

/* confdefs.h */
#define PACKAGE_NAME "TheForgottenServer"
#define PACKAGE_TARNAME "theforgottenserver"
#define PACKAGE_VERSION "0.4"
#define PACKAGE_STRING "TheForgottenServer 0.4"
#define PACKAGE_BUGREPORT ""
#define PACKAGE_URL ""
#define PACKAGE "theforgottenserver"
#define VERSION "0.4"
#define STDC_HEADERS 1
#define HAVE_SYS_TYPES_H 1
#define HAVE_SYS_STAT_H 1
#define HAVE_STDLIB_H 1
#define HAVE_STRING_H 1
#define HAVE_MEMORY_H 1
#define HAVE_STRINGS_H 1
#define HAVE_INTTYPES_H 1
#define HAVE_STDINT_H 1
#define HAVE_UNISTD_H 1
#define HAVE_STDDEF_H 1
#define HAVE_STDINT_H 1
#define HAVE_STDLIB_H 1
#define HAVE_SYS_TIMEB_H 1
#define HAVE_PTRDIFF_T 1
#define HAVE_STDLIB_H 1
#define HAVE_MALLOC 1
#define HAVE_STDLIB_H 1
#define HAVE_REALLOC 1
#define HAVE_CEIL 1
#define HAVE_FLOOR 1
#define HAVE_FTIME 1
#define HAVE_MEMSET 1
#define HAVE_POW 1
#define HAVE_SQRT 1
#define HAVE_STRCASECMP 1
#define HAVE_STRNCASECMP 1
#define HAVE_STRSTR 1
#define HAVE_STRTOL 1
#define HAVE_ZLIB_H 1
#define HAVE_LIBZ 1
#define HAVE_LIBBOOST_THREAD_MT 1
#define HAVE_LIBBOOST_DATE_TIME_MT 1
#define HAVE_LIBBOOST_FILESYSTEM_MT 1
#define HAVE_UNORDERED_SET 1
#define HAVE_CRYPTOPP_SHA_H 1
#define HAVE_CRYPTOPP_MD5_H 1
#define HAVE_CRYPTOPP_ADLER32_H 1
#define HAVE_CRYPTOPP_HEX_H 1
#define HAVE_CRYPTOPP_BASE64_H 1
#define HAVE_CRYPTOPP_HMAC_H 1
#define HAVE_CRYPTOPP_CRYPTLIB_H 1
#define HAVE_LIBCRYPTOPP 1
#define HAVE_OPENSSL_RSA_H 1
#define HAVE_OPENSSL_BN_H 1
#define HAVE_OPENSSL_ERR_H 1
#define HAVE_LIBCRYPTO 1
#define HAVE_MYSQL_MYSQL_H 1
#define HAVE_LIBMYSQLCLIENT 1
#define HAVE_SQLITE3_H 1
#define HAVE_LIBSQLITE3 1

configure: exit 0
